TN:
SF:/Users/andeladeveloper/Documents/checkpoint/src/App.js
FN:45,_interopRequireDefault
FN:49,App
FNF:2
FNH:2
FNDA:9,_interopRequireDefault
FNDA:1,App
DA:3,1
DA:7,1
DA:9,1
DA:11,1
DA:13,1
DA:15,1
DA:17,1
DA:19,1
DA:21,1
DA:23,1
DA:25,1
DA:27,1
DA:29,1
DA:31,1
DA:33,1
DA:35,1
DA:37,1
DA:39,1
DA:41,1
DA:43,1
DA:45,9
DA:47,1
DA:50,1
DA:72,1
LF:24
LH:24
BRDA:45,0,0,8
BRDA:45,0,1,1
BRDA:45,1,0,9
BRDA:45,1,1,9
BRF:4
BRH:4
end_of_record
TN:
SF:/Users/andeladeveloper/Documents/checkpoint/src/actions/NewsActions.js
FN:31,_interopRequireDefault
FN:35,getNews
FN:38,(anonymous_2)
FN:43,(anonymous_3)
FN:52,(anonymous_4)
FN:57,getSources
FN:60,(anonymous_6)
FN:64,(anonymous_7)
FN:73,(anonymous_8)
FNF:9
FNH:3
FNDA:6,_interopRequireDefault
FNDA:1,getNews
FNDA:0,(anonymous_2)
FNDA:0,(anonymous_3)
FNDA:0,(anonymous_4)
FNDA:3,getSources
FNDA:0,(anonymous_6)
FNDA:0,(anonymous_7)
FNDA:0,(anonymous_8)
DA:3,1
DA:7,1
DA:9,1
DA:11,1
DA:13,1
DA:15,1
DA:17,1
DA:19,1
DA:21,1
DA:23,1
DA:25,1
DA:27,1
DA:29,1
DA:31,6
DA:33,1
DA:36,1
DA:37,1
DA:38,1
DA:39,0
DA:40,0
DA:41,0
DA:42,0
DA:43,0
DA:44,0
DA:47,0
DA:53,0
DA:58,3
DA:59,3
DA:60,3
DA:61,0
DA:62,0
DA:63,0
DA:64,0
DA:65,0
DA:68,0
DA:74,0
DA:79,1
LF:37
LH:22
BRDA:31,0,0,5
BRDA:31,0,1,1
BRDA:31,1,0,6
BRDA:31,1,1,6
BRDA:41,2,0,0
BRDA:41,2,1,0
BRDA:61,3,0,0
BRDA:61,3,1,0
BRF:8
BRH:4
end_of_record
TN:
SF:/Users/andeladeveloper/Documents/checkpoint/src/components/header.js
FN:7,(anonymous_0)
FN:7,defineProperties
FN:7,(anonymous_2)
FN:23,_interopRequireDefault
FN:25,_classCallCheck
FN:27,_possibleConstructorReturn
FN:29,_inherits
FN:31,(anonymous_7)
FN:34,Menu
FN:48,toggle
FN:55,render
FNF:11
FNH:6
FNDA:1,(anonymous_0)
FNDA:1,defineProperties
FNDA:1,(anonymous_2)
FNDA:2,_interopRequireDefault
FNDA:0,_classCallCheck
FNDA:0,_possibleConstructorReturn
FNDA:1,_inherits
FNDA:1,(anonymous_7)
FNDA:0,Menu
FNDA:0,toggle
FNDA:0,render
DA:3,1
DA:7,2
DA:9,1
DA:11,1
DA:13,1
DA:15,1
DA:17,1
DA:19,1
DA:21,1
DA:23,2
DA:25,0
DA:27,0
DA:29,1
DA:31,1
DA:32,1
DA:35,0
DA:37,0
DA:39,0
DA:40,0
DA:43,0
DA:46,1
DA:49,0
DA:56,0
DA:57,0
DA:89,0
DA:93,1
DA:96,1
LF:27
LH:16
BRDA:7,0,0,2
BRDA:7,0,1,2
BRDA:7,1,0,2
BRDA:7,1,1,0
BRDA:7,2,0,1
BRDA:7,2,1,0
BRDA:7,3,0,0
BRDA:7,3,1,1
BRDA:23,4,0,1
BRDA:23,4,1,1
BRDA:23,5,0,2
BRDA:23,5,1,2
BRDA:25,6,0,0
BRDA:25,6,1,0
BRDA:27,7,0,0
BRDA:27,7,1,0
BRDA:27,8,0,0
BRDA:27,8,1,0
BRDA:27,9,0,0
BRDA:27,9,1,0
BRDA:27,9,2,0
BRDA:29,10,0,0
BRDA:29,10,1,1
BRDA:29,11,0,1
BRDA:29,11,1,0
BRDA:29,12,0,1
BRDA:29,12,1,1
BRDA:29,13,0,1
BRDA:29,13,1,0
BRDA:29,14,0,1
BRDA:29,14,1,0
BRDA:37,15,0,0
BRDA:37,15,1,0
BRDA:56,16,0,0
BRDA:56,16,1,0
BRF:35
BRH:15
end_of_record
TN:
SF:/Users/andeladeveloper/Documents/checkpoint/src/configs/NewsContainer.js
FN:7,(anonymous_0)
FN:7,defineProperties
FN:7,(anonymous_2)
FN:9,_classCallCheck
FN:11,(anonymous_4)
FN:12,newsContainer
FN:20,add
FN:31,get
FNF:8
FNH:4
FNDA:1,(anonymous_0)
FNDA:1,defineProperties
FNDA:1,(anonymous_2)
FNDA:0,_classCallCheck
FNDA:1,(anonymous_4)
FNDA:0,newsContainer
FNDA:0,add
FNDA:0,get
DA:3,1
DA:7,2
DA:9,0
DA:11,1
DA:13,0
DA:15,0
DA:18,1
DA:21,0
DA:32,0
DA:36,1
DA:39,1
LF:11
LH:6
BRDA:7,0,0,2
BRDA:7,0,1,2
BRDA:7,1,0,2
BRDA:7,1,1,0
BRDA:7,2,0,1
BRDA:7,2,1,0
BRDA:7,3,0,0
BRDA:7,3,1,1
BRDA:9,4,0,0
BRDA:9,4,1,0
BRF:10
BRH:5
end_of_record
TN:
SF:/Users/andeladeveloper/Documents/checkpoint/src/configs/SourcesContainer.js
FN:7,(anonymous_0)
FN:7,defineProperties
FN:7,(anonymous_2)
FN:9,_classCallCheck
FN:11,(anonymous_4)
FN:12,SourcesContainer
FN:20,add
FN:32,get
FNF:8
FNH:6
FNDA:1,(anonymous_0)
FNDA:1,defineProperties
FNDA:1,(anonymous_2)
FNDA:3,_classCallCheck
FNDA:1,(anonymous_4)
FNDA:3,SourcesContainer
FNDA:0,add
FNDA:0,get
DA:3,1
DA:7,2
DA:9,3
DA:11,1
DA:13,3
DA:15,3
DA:18,1
DA:21,0
DA:33,0
DA:37,1
DA:40,1
LF:11
LH:9
BRDA:7,0,0,2
BRDA:7,0,1,2
BRDA:7,1,0,2
BRDA:7,1,1,0
BRDA:7,2,0,1
BRDA:7,2,1,0
BRDA:7,3,0,0
BRDA:7,3,1,1
BRDA:9,4,0,0
BRDA:9,4,1,3
BRF:10
BRH:6
end_of_record
TN:
SF:/Users/andeladeveloper/Documents/checkpoint/src/constants/NewsActionTypes.js
FN:11,_interopRequireDefault
FNF:1
FNH:1
FNDA:1,_interopRequireDefault
DA:3,1
DA:7,1
DA:9,1
DA:11,1
DA:14,1
DA:19,1
LF:6
LH:6
BRDA:11,0,0,0
BRDA:11,0,1,1
BRDA:11,1,0,1
BRDA:11,1,1,1
BRF:4
BRH:3
end_of_record
TN:
SF:/Users/andeladeveloper/Documents/checkpoint/src/dispatcher/NewsDispatcher.js
FNF:0
FNH:0
DA:3,1
DA:7,1
DA:9,1
DA:10,1
LF:4
LH:4
BRF:0
BRH:0
end_of_record
TN:
SF:/Users/andeladeveloper/Documents/checkpoint/src/model/user.js
FN:7,(anonymous_0)
FN:7,defineProperties
FN:7,(anonymous_2)
FN:13,_interopRequireDefault
FN:15,_classCallCheck
FN:17,(anonymous_5)
FN:18,User
FN:31,Login
FN:43,isLoggedIn
FN:48,assignUserValues
FN:58,removeUserValues
FN:66,logOut
FNF:12
FNH:12
FNDA:1,(anonymous_0)
FNDA:1,defineProperties
FNDA:1,(anonymous_2)
FNDA:1,_interopRequireDefault
FNDA:1,_classCallCheck
FNDA:1,(anonymous_5)
FNDA:1,User
FNDA:1,Login
FNDA:2,isLoggedIn
FNDA:2,assignUserValues
FNDA:1,removeUserValues
FNDA:1,logOut
DA:3,1
DA:7,5
DA:9,1
DA:11,1
DA:13,1
DA:15,1
DA:17,1
DA:19,1
DA:21,1
DA:22,1
DA:23,1
DA:24,1
DA:25,1
DA:26,1
DA:29,1
DA:32,1
DA:37,1
DA:38,1
DA:39,1
DA:44,2
DA:49,2
DA:50,1
DA:51,1
DA:52,1
DA:53,1
DA:59,1
DA:60,1
DA:61,1
DA:62,1
DA:67,1
DA:68,1
DA:69,1
DA:73,1
DA:76,1
LF:34
LH:34
BRDA:7,0,0,5
BRDA:7,0,1,5
BRDA:7,1,0,5
BRDA:7,1,1,0
BRDA:7,2,0,1
BRDA:7,2,1,0
BRDA:7,3,0,0
BRDA:7,3,1,1
BRDA:13,4,0,0
BRDA:13,4,1,1
BRDA:13,5,0,1
BRDA:13,5,1,1
BRDA:15,6,0,0
BRDA:15,6,1,1
BRDA:21,7,0,1
BRDA:21,7,1,0
BRDA:49,8,0,1
BRDA:49,8,1,1
BRF:18
BRH:12
end_of_record
TN:
SF:/Users/andeladeveloper/Documents/checkpoint/src/stores/NewsSourcesStore.js
FN:21,_interopRequireDefault
FN:29,getAll
FN:32,emitChange
FN:41,addChangeListener
FN:44,removeChangeListener
FN:49,(anonymous_5)
FNF:6
FNH:3
FNDA:3,_interopRequireDefault
FNDA:0,getAll
FNDA:0,emitChange
FNDA:3,addChangeListener
FNDA:0,removeChangeListener
FNDA:1,(anonymous_5)
DA:3,1
DA:7,1
DA:9,1
DA:11,1
DA:13,1
DA:15,1
DA:17,1
DA:19,1
DA:21,3
DA:23,1
DA:25,1
DA:30,0
DA:33,0
DA:42,3
DA:45,0
DA:49,1
DA:50,1
DA:53,0
DA:54,0
DA:55,0
DA:58,1
DA:60,0
DA:63,1
LF:23
LH:16
BRDA:21,0,0,2
BRDA:21,0,1,1
BRDA:21,1,0,3
BRDA:21,1,1,3
BRDA:50,2,0,0
BRDA:50,2,1,1
BRF:6
BRH:5
end_of_record
TN:
SF:/Users/andeladeveloper/Documents/checkpoint/src/stores/NewsStore.js
FN:21,_interopRequireDefault
FN:30,getAll
FN:33,emitChange
FN:42,addChangeListener
FN:45,removeChangeListener
FN:50,(anonymous_5)
FNF:6
FNH:5
FNDA:3,_interopRequireDefault
FNDA:1,getAll
FNDA:1,emitChange
FNDA:1,addChangeListener
FNDA:0,removeChangeListener
FNDA:1,(anonymous_5)
DA:3,1
DA:7,1
DA:9,1
DA:11,1
DA:13,1
DA:15,1
DA:17,1
DA:19,1
DA:21,3
DA:23,1
DA:25,1
DA:31,1
DA:34,1
DA:43,1
DA:46,0
DA:50,1
DA:51,1
DA:54,1
DA:55,1
DA:56,1
DA:59,0
DA:61,1
DA:64,1
LF:23
LH:21
BRDA:21,0,0,2
BRDA:21,0,1,1
BRDA:21,1,0,3
BRDA:21,1,1,3
BRDA:51,2,0,1
BRDA:51,2,1,0
BRF:6
BRH:5
end_of_record
TN:
SF:/Users/andeladeveloper/Documents/checkpoint/src/utils/Api.js
FN:7,(anonymous_0)
FN:7,defineProperties
FN:7,(anonymous_2)
FN:13,_interopRequireDefault
FN:15,_classCallCheck
FN:17,(anonymous_5)
FN:18,Api
FN:33,addQuery
FN:38,resetQuery
FN:43,getLink
FN:48,makeApiCall
FN:51,(anonymous_11)
FN:55,(anonymous_12)
FNF:13
FNH:10
FNDA:1,(anonymous_0)
FNDA:1,defineProperties
FNDA:1,(anonymous_2)
FNDA:1,_interopRequireDefault
FNDA:1,_classCallCheck
FNDA:1,(anonymous_5)
FNDA:1,Api
FNDA:1,addQuery
FNDA:4,resetQuery
FNDA:1,getLink
FNDA:0,makeApiCall
FNDA:0,(anonymous_11)
FNDA:0,(anonymous_12)
DA:3,1
DA:7,4
DA:9,1
DA:11,1
DA:13,1
DA:15,1
DA:17,1
DA:19,1
DA:21,1
DA:22,1
DA:23,1
DA:24,1
DA:25,1
DA:26,1
DA:27,1
DA:28,1
DA:31,1
DA:34,1
DA:39,4
DA:44,1
DA:49,0
DA:51,0
DA:52,0
DA:53,0
DA:56,0
DA:61,1
DA:64,1
LF:27
LH:22
BRDA:7,0,0,4
BRDA:7,0,1,4
BRDA:7,1,0,4
BRDA:7,1,1,0
BRDA:7,2,0,1
BRDA:7,2,1,0
BRDA:7,3,0,0
BRDA:7,3,1,1
BRDA:13,4,0,0
BRDA:13,4,1,1
BRDA:13,5,0,1
BRDA:13,5,1,1
BRDA:15,6,0,0
BRDA:15,6,1,1
BRDA:52,7,0,0
BRDA:52,7,1,0
BRF:16
BRH:9
end_of_record
TN:
SF:/Users/andeladeveloper/Documents/checkpoint/src/views/googlebutton.js
FN:7,(anonymous_0)
FN:7,defineProperties
FN:7,(anonymous_2)
FN:21,_interopRequireDefault
FN:23,_classCallCheck
FN:25,_possibleConstructorReturn
FN:27,_inherits
FN:36,(anonymous_7)
FN:39,GoogleButton
FN:51,componentDidMount
FN:56,onSignIn
FN:65,onClick
FN:70,renderGoogleLoginButton
FN:83,render
FNF:14
FNH:6
FNDA:1,(anonymous_0)
FNDA:1,defineProperties
FNDA:1,(anonymous_2)
FNDA:3,_interopRequireDefault
FNDA:0,_classCallCheck
FNDA:0,_possibleConstructorReturn
FNDA:1,_inherits
FNDA:1,(anonymous_7)
FNDA:0,GoogleButton
FNDA:0,componentDidMount
FNDA:0,onSignIn
FNDA:0,onClick
FNDA:0,renderGoogleLoginButton
FNDA:0,render
DA:3,1
DA:7,5
DA:9,1
DA:11,1
DA:13,1
DA:15,1
DA:17,1
DA:19,1
DA:21,3
DA:23,0
DA:25,0
DA:27,1
DA:30,1
DA:33,1
DA:34,1
DA:36,1
DA:37,1
DA:40,0
DA:42,0
DA:44,0
DA:45,0
DA:46,0
DA:49,1
DA:52,0
DA:57,0
DA:58,0
DA:59,0
DA:60,0
DA:66,0
DA:71,0
DA:84,0
DA:92,1
DA:95,1
LF:33
LH:18
BRDA:7,0,0,5
BRDA:7,0,1,5
BRDA:7,1,0,5
BRDA:7,1,1,0
BRDA:7,2,0,1
BRDA:7,2,1,0
BRDA:7,3,0,0
BRDA:7,3,1,1
BRDA:21,4,0,2
BRDA:21,4,1,1
BRDA:21,5,0,3
BRDA:21,5,1,3
BRDA:23,6,0,0
BRDA:23,6,1,0
BRDA:25,7,0,0
BRDA:25,7,1,0
BRDA:25,8,0,0
BRDA:25,8,1,0
BRDA:25,9,0,0
BRDA:25,9,1,0
BRDA:25,9,2,0
BRDA:27,10,0,0
BRDA:27,10,1,1
BRDA:27,11,0,1
BRDA:27,11,1,0
BRDA:27,12,0,1
BRDA:27,12,1,1
BRDA:27,13,0,1
BRDA:27,13,1,0
BRDA:27,14,0,1
BRDA:27,14,1,0
BRDA:42,15,0,0
BRDA:42,15,1,0
BRDA:58,16,0,0
BRDA:58,16,1,0
BRF:35
BRH:15
end_of_record
TN:
SF:/Users/andeladeveloper/Documents/checkpoint/src/views/login.js
FN:7,(anonymous_0)
FN:7,defineProperties
FN:7,(anonymous_2)
FN:27,_interopRequireDefault
FN:29,_classCallCheck
FN:31,_possibleConstructorReturn
FN:33,_inherits
FN:41,(anonymous_7)
FN:44,Login
FN:52,componentWillMount
FN:59,render
FNF:11
FNH:6
FNDA:1,(anonymous_0)
FNDA:1,defineProperties
FNDA:1,(anonymous_2)
FNDA:4,_interopRequireDefault
FNDA:0,_classCallCheck
FNDA:0,_possibleConstructorReturn
FNDA:1,_inherits
FNDA:1,(anonymous_7)
FNDA:0,Login
FNDA:0,componentWillMount
FNDA:0,render
DA:3,1
DA:7,2
DA:9,1
DA:11,1
DA:13,1
DA:15,1
DA:17,1
DA:19,1
DA:21,1
DA:23,1
DA:25,1
DA:27,4
DA:29,0
DA:31,0
DA:33,1
DA:37,1
DA:41,1
DA:42,1
DA:45,0
DA:47,0
DA:50,1
DA:53,0
DA:54,0
DA:60,0
DA:82,1
DA:85,1
LF:26
LH:19
BRDA:7,0,0,2
BRDA:7,0,1,2
BRDA:7,1,0,2
BRDA:7,1,1,0
BRDA:7,2,0,1
BRDA:7,2,1,0
BRDA:7,3,0,0
BRDA:7,3,1,1
BRDA:27,4,0,3
BRDA:27,4,1,1
BRDA:27,5,0,4
BRDA:27,5,1,4
BRDA:29,6,0,0
BRDA:29,6,1,0
BRDA:31,7,0,0
BRDA:31,7,1,0
BRDA:31,8,0,0
BRDA:31,8,1,0
BRDA:31,9,0,0
BRDA:31,9,1,0
BRDA:31,9,2,0
BRDA:33,10,0,0
BRDA:33,10,1,1
BRDA:33,11,0,1
BRDA:33,11,1,0
BRDA:33,12,0,1
BRDA:33,12,1,1
BRDA:33,13,0,1
BRDA:33,13,1,0
BRDA:33,14,0,1
BRDA:33,14,1,0
BRDA:47,15,0,0
BRDA:47,15,1,0
BRDA:53,16,0,0
BRDA:53,16,1,0
BRF:35
BRH:15
end_of_record
TN:
SF:/Users/andeladeveloper/Documents/checkpoint/src/views/logout.js
FN:7,(anonymous_0)
FN:7,defineProperties
FN:7,(anonymous_2)
FN:19,_interopRequireDefault
FN:21,_classCallCheck
FN:23,_possibleConstructorReturn
FN:25,_inherits
FN:31,(anonymous_7)
FN:34,Logout
FN:42,componentWillMount
FNF:10
FNH:6
FNDA:1,(anonymous_0)
FNDA:1,defineProperties
FNDA:1,(anonymous_2)
FNDA:2,_interopRequireDefault
FNDA:0,_classCallCheck
FNDA:0,_possibleConstructorReturn
FNDA:1,_inherits
FNDA:1,(anonymous_7)
FNDA:0,Logout
FNDA:0,componentWillMount
DA:3,1
DA:7,1
DA:9,1
DA:11,1
DA:13,1
DA:15,1
DA:17,1
DA:19,2
DA:21,0
DA:23,0
DA:25,1
DA:27,1
DA:31,1
DA:32,1
DA:35,0
DA:37,0
DA:40,1
DA:43,0
DA:44,0
DA:45,0
DA:47,0
DA:52,1
DA:55,1
LF:23
LH:15
BRDA:7,0,0,1
BRDA:7,0,1,1
BRDA:7,1,0,1
BRDA:7,1,1,0
BRDA:7,2,0,1
BRDA:7,2,1,0
BRDA:7,3,0,0
BRDA:7,3,1,1
BRDA:19,4,0,2
BRDA:19,4,1,0
BRDA:19,5,0,2
BRDA:19,5,1,2
BRDA:21,6,0,0
BRDA:21,6,1,0
BRDA:23,7,0,0
BRDA:23,7,1,0
BRDA:23,8,0,0
BRDA:23,8,1,0
BRDA:23,9,0,0
BRDA:23,9,1,0
BRDA:23,9,2,0
BRDA:25,10,0,0
BRDA:25,10,1,1
BRDA:25,11,0,1
BRDA:25,11,1,0
BRDA:25,12,0,1
BRDA:25,12,1,1
BRDA:25,13,0,1
BRDA:25,13,1,0
BRDA:25,14,0,1
BRDA:25,14,1,0
BRDA:37,15,0,0
BRDA:37,15,1,0
BRDA:43,16,0,0
BRDA:43,16,1,0
BRF:35
BRH:14
end_of_record
TN:
SF:/Users/andeladeveloper/Documents/checkpoint/src/views/newssourcesview.js
FN:7,(anonymous_0)
FN:7,defineProperties
FN:7,(anonymous_2)
FN:33,_interopRequireDefault
FN:35,_classCallCheck
FN:37,_possibleConstructorReturn
FN:39,_inherits
FN:45,(anonymous_7)
FN:48,NewsSourcesView
FN:65,getInitialState
FN:70,componentWillMount
FN:77,componentDidMount
FN:83,onChange2
FN:91,getItemsState
FN:98,componentWillUnMount
FN:103,updateSearch
FN:108,render
FN:111,(anonymous_17)
FN:133,(anonymous_18)
FNF:19
FNH:12
FNDA:1,(anonymous_0)
FNDA:1,defineProperties
FNDA:1,(anonymous_2)
FNDA:5,_interopRequireDefault
FNDA:4,_classCallCheck
FNDA:4,_possibleConstructorReturn
FNDA:1,_inherits
FNDA:1,(anonymous_7)
FNDA:4,NewsSourcesView
FNDA:0,getInitialState
FNDA:4,componentWillMount
FNDA:3,componentDidMount
FNDA:0,onChange2
FNDA:0,getItemsState
FNDA:0,componentWillUnMount
FNDA:0,updateSearch
FNDA:6,render
FNDA:0,(anonymous_17)
FNDA:0,(anonymous_18)
DA:3,1
DA:7,8
DA:9,1
DA:11,1
DA:13,1
DA:15,1
DA:17,1
DA:19,1
DA:21,1
DA:23,1
DA:25,1
DA:27,1
DA:29,1
DA:31,1
DA:33,5
DA:35,4
DA:37,4
DA:39,1
DA:41,1
DA:45,1
DA:46,1
DA:49,4
DA:51,4
DA:53,4
DA:57,4
DA:58,4
DA:59,4
DA:60,4
DA:63,1
DA:66,0
DA:71,4
DA:72,4
DA:78,3
DA:79,3
DA:84,0
DA:85,0
DA:92,0
DA:99,0
DA:104,0
DA:109,6
DA:111,6
DA:112,0
DA:115,6
DA:134,0
DA:171,1
DA:174,1
LF:46
LH:38
BRDA:7,0,0,8
BRDA:7,0,1,8
BRDA:7,1,0,8
BRDA:7,1,1,0
BRDA:7,2,0,1
BRDA:7,2,1,0
BRDA:7,3,0,0
BRDA:7,3,1,1
BRDA:33,4,0,4
BRDA:33,4,1,1
BRDA:33,5,0,5
BRDA:33,5,1,5
BRDA:35,6,0,0
BRDA:35,6,1,4
BRDA:37,7,0,0
BRDA:37,7,1,4
BRDA:37,8,0,0
BRDA:37,8,1,4
BRDA:37,9,0,4
BRDA:37,9,1,0
BRDA:37,9,2,0
BRDA:39,10,0,0
BRDA:39,10,1,1
BRDA:39,11,0,1
BRDA:39,11,1,0
BRDA:39,12,0,1
BRDA:39,12,1,1
BRDA:39,13,0,1
BRDA:39,13,1,0
BRDA:39,14,0,1
BRDA:39,14,1,0
BRDA:51,15,0,4
BRDA:51,15,1,0
BRDA:71,16,0,4
BRDA:71,16,1,0
BRDA:86,17,0,0
BRDA:86,17,1,0
BRF:37
BRH:21
end_of_record
TN:
SF:/Users/andeladeveloper/Documents/checkpoint/src/views/newsview.js
FN:7,(anonymous_0)
FN:7,defineProperties
FN:7,(anonymous_2)
FN:35,_interopRequireDefault
FN:37,_classCallCheck
FN:39,_possibleConstructorReturn
FN:41,_inherits
FN:47,(anonymous_7)
FN:52,getItemsState
FN:59,NewsView
FN:74,getInitialState
FN:79,componentWillMount
FN:86,componentDidMount
FN:94,componentWillUnmount
FN:99,onChange
FN:104,handleSort
FN:113,render
FN:117,(anonymous_17)
FN:171,(anonymous_18)
FNF:19
FNH:13
FNDA:1,(anonymous_0)
FNDA:2,defineProperties
FNDA:2,(anonymous_2)
FNDA:6,_interopRequireDefault
FNDA:1,_classCallCheck
FNDA:1,_possibleConstructorReturn
FNDA:1,_inherits
FNDA:1,(anonymous_7)
FNDA:0,getItemsState
FNDA:1,NewsView
FNDA:0,getInitialState
FNDA:1,componentWillMount
FNDA:1,componentDidMount
FNDA:0,componentWillUnmount
FNDA:0,onChange
FNDA:0,handleSort
FNDA:2,render
FNDA:2,(anonymous_17)
FNDA:0,(anonymous_18)
DA:3,1
DA:7,8
DA:9,1
DA:11,1
DA:13,1
DA:15,1
DA:17,1
DA:19,1
DA:21,1
DA:23,1
DA:25,1
DA:27,1
DA:29,1
DA:31,1
DA:33,1
DA:35,6
DA:37,1
DA:39,1
DA:41,1
DA:43,1
DA:47,1
DA:48,1
DA:50,1
DA:53,0
DA:60,1
DA:62,1
DA:64,1
DA:67,1
DA:68,1
DA:69,1
DA:72,1
DA:75,0
DA:80,1
DA:81,1
DA:87,1
DA:89,1
DA:90,1
DA:95,0
DA:100,0
DA:105,0
DA:107,0
DA:108,0
DA:109,0
DA:114,2
DA:116,2
DA:117,2
DA:118,2
DA:126,2
DA:172,0
DA:216,1
DA:219,1
DA:222,1
DA:226,1
LF:53
LH:44
BRDA:7,0,0,8
BRDA:7,0,1,8
BRDA:7,1,0,8
BRDA:7,1,1,0
BRDA:7,2,0,1
BRDA:7,2,1,1
BRDA:7,3,0,1
BRDA:7,3,1,1
BRDA:35,4,0,5
BRDA:35,4,1,1
BRDA:35,5,0,6
BRDA:35,5,1,6
BRDA:37,6,0,0
BRDA:37,6,1,1
BRDA:39,7,0,0
BRDA:39,7,1,1
BRDA:39,8,0,0
BRDA:39,8,1,1
BRDA:39,9,0,1
BRDA:39,9,1,0
BRDA:39,9,2,0
BRDA:41,10,0,0
BRDA:41,10,1,1
BRDA:41,11,0,1
BRDA:41,11,1,0
BRDA:41,12,0,1
BRDA:41,12,1,1
BRDA:41,13,0,1
BRDA:41,13,1,0
BRDA:41,14,0,1
BRDA:41,14,1,0
BRDA:62,15,0,1
BRDA:62,15,1,0
BRDA:80,16,0,1
BRDA:80,16,1,0
BRF:35
BRH:23
end_of_record
TN:
SF:/Users/andeladeveloper/Documents/checkpoint/src/views/notfound.js
FN:7,(anonymous_0)
FN:7,defineProperties
FN:7,(anonymous_2)
FN:23,_interopRequireDefault
FN:25,_classCallCheck
FN:27,_possibleConstructorReturn
FN:29,_inherits
FN:37,(anonymous_7)
FN:40,NotFound
FN:48,componentWillMount
FN:55,render
FNF:11
FNH:11
FNDA:1,(anonymous_0)
FNDA:1,defineProperties
FNDA:1,(anonymous_2)
FNDA:3,_interopRequireDefault
FNDA:1,_classCallCheck
FNDA:1,_possibleConstructorReturn
FNDA:1,_inherits
FNDA:1,(anonymous_7)
FNDA:1,NotFound
FNDA:1,componentWillMount
FNDA:1,render
DA:3,1
DA:7,2
DA:9,1
DA:11,1
DA:13,1
DA:15,1
DA:17,1
DA:19,1
DA:21,1
DA:23,3
DA:25,1
DA:27,1
DA:29,1
DA:33,1
DA:37,1
DA:38,1
DA:41,1
DA:43,1
DA:46,1
DA:49,1
DA:50,1
DA:56,1
DA:77,1
DA:80,1
LF:24
LH:24
BRDA:7,0,0,2
BRDA:7,0,1,2
BRDA:7,1,0,2
BRDA:7,1,1,0
BRDA:7,2,0,1
BRDA:7,2,1,0
BRDA:7,3,0,0
BRDA:7,3,1,1
BRDA:23,4,0,2
BRDA:23,4,1,1
BRDA:23,5,0,3
BRDA:23,5,1,3
BRDA:25,6,0,0
BRDA:25,6,1,1
BRDA:27,7,0,0
BRDA:27,7,1,1
BRDA:27,8,0,0
BRDA:27,8,1,1
BRDA:27,9,0,1
BRDA:27,9,1,0
BRDA:27,9,2,0
BRDA:29,10,0,0
BRDA:29,10,1,1
BRDA:29,11,0,1
BRDA:29,11,1,0
BRDA:29,12,0,1
BRDA:29,12,1,1
BRDA:29,13,0,1
BRDA:29,13,1,0
BRDA:29,14,0,1
BRDA:29,14,1,0
BRDA:43,15,0,1
BRDA:43,15,1,0
BRDA:49,16,0,1
BRDA:49,16,1,0
BRF:35
BRH:21
end_of_record
TN:
SF:/Users/andeladeveloper/Documents/checkpoint/src/views/share.js
FN:7,(anonymous_0)
FN:7,defineProperties
FN:7,(anonymous_2)
FN:15,_interopRequireDefault
FN:17,_classCallCheck
FN:19,_possibleConstructorReturn
FN:21,_inherits
FN:35,(anonymous_7)
FN:38,Share
FN:49,render
FNF:10
FNH:10
FNDA:1,(anonymous_0)
FNDA:1,defineProperties
FNDA:1,(anonymous_2)
FNDA:1,_interopRequireDefault
FNDA:1,_classCallCheck
FNDA:1,_possibleConstructorReturn
FNDA:1,_inherits
FNDA:1,(anonymous_7)
FNDA:1,Share
FNDA:1,render
DA:3,1
DA:7,1
DA:9,1
DA:11,1
DA:13,1
DA:15,1
DA:17,1
DA:19,1
DA:21,1
DA:23,1
DA:24,1
DA:25,1
DA:26,1
DA:29,1
DA:30,1
DA:31,1
DA:32,1
DA:33,1
DA:35,1
DA:36,1
DA:39,1
DA:41,1
DA:43,1
DA:44,1
DA:47,1
DA:50,1
DA:51,1
DA:53,1
DA:130,1
DA:133,1
DA:137,1
DA:142,1
LF:32
LH:32
BRDA:7,0,0,1
BRDA:7,0,1,1
BRDA:7,1,0,1
BRDA:7,1,1,0
BRDA:7,2,0,1
BRDA:7,2,1,0
BRDA:7,3,0,0
BRDA:7,3,1,1
BRDA:15,4,0,0
BRDA:15,4,1,1
BRDA:15,5,0,1
BRDA:15,5,1,1
BRDA:17,6,0,0
BRDA:17,6,1,1
BRDA:19,7,0,0
BRDA:19,7,1,1
BRDA:19,8,0,0
BRDA:19,8,1,1
BRDA:19,9,0,1
BRDA:19,9,1,0
BRDA:19,9,2,0
BRDA:21,10,0,0
BRDA:21,10,1,1
BRDA:21,11,0,1
BRDA:21,11,1,0
BRDA:21,12,0,1
BRDA:21,12,1,1
BRDA:21,13,0,1
BRDA:21,13,1,0
BRDA:21,14,0,1
BRDA:21,14,1,0
BRDA:41,15,0,1
BRDA:41,15,1,0
BRF:33
BRH:19
end_of_record
