TN:
SF:/Users/andeladeveloper/Documents/checkpoint/src/App.js
FN:45,_interopRequireDefault
FN:53,App
FNF:2
FNH:2
FNDA:9,_interopRequireDefault
FNDA:1,App
DA:3,1
DA:7,1
DA:9,1
DA:11,1
DA:13,1
DA:15,1
DA:17,1
DA:19,1
DA:21,1
DA:23,1
DA:25,1
DA:27,1
DA:29,1
DA:31,1
DA:33,1
DA:35,1
DA:37,1
DA:39,1
DA:41,1
DA:43,1
DA:45,9
DA:47,1
DA:54,1
DA:76,1
LF:24
LH:24
BRDA:45,0,0,8
BRDA:45,0,1,1
BRDA:45,1,0,9
BRDA:45,1,1,9
BRF:4
BRH:4
end_of_record
TN:
SF:/Users/andeladeveloper/Documents/checkpoint/src/actions/NewsActions.js
FN:31,_interopRequireDefault
FN:43,getNews
FN:45,(anonymous_2)
FN:50,(anonymous_3)
FN:58,(anonymous_4)
FN:70,getSources
FN:72,(anonymous_6)
FN:76,(anonymous_7)
FN:84,(anonymous_8)
FNF:9
FNH:7
FNDA:6,_interopRequireDefault
FNDA:2,getNews
FNDA:1,(anonymous_2)
FNDA:2,(anonymous_3)
FNDA:0,(anonymous_4)
FNDA:6,getSources
FNDA:1,(anonymous_6)
FNDA:3,(anonymous_7)
FNDA:0,(anonymous_8)
DA:3,1
DA:7,1
DA:9,1
DA:11,1
DA:13,1
DA:15,1
DA:17,1
DA:19,1
DA:21,1
DA:23,1
DA:25,1
DA:27,1
DA:29,1
DA:31,6
DA:36,1
DA:44,2
DA:45,2
DA:46,1
DA:47,1
DA:48,1
DA:49,1
DA:50,1
DA:51,2
DA:53,1
DA:59,0
DA:71,6
DA:72,6
DA:73,1
DA:74,1
DA:75,1
DA:76,1
DA:77,3
DA:79,1
DA:85,0
DA:93,1
LF:35
LH:33
BRDA:31,0,0,5
BRDA:31,0,1,1
BRDA:31,1,0,6
BRDA:31,1,1,6
BRDA:48,2,0,1
BRDA:48,2,1,0
BRDA:73,3,0,1
BRDA:73,3,1,0
BRF:8
BRH:6
end_of_record
TN:
SF:/Users/andeladeveloper/Documents/checkpoint/src/components/GoogleButton.js
FN:7,(anonymous_0)
FN:7,defineProperties
FN:7,(anonymous_2)
FN:21,_interopRequireDefault
FN:23,_classCallCheck
FN:25,_possibleConstructorReturn
FN:27,_inherits
FN:41,(anonymous_7)
FN:45,GoogleButton
FN:60,componentDidMount
FN:71,onSignIn
FN:85,onClick
FN:95,renderGoogleLoginButton
FN:114,render
FNF:14
FNH:10
FNDA:1,(anonymous_0)
FNDA:1,defineProperties
FNDA:1,(anonymous_2)
FNDA:3,_interopRequireDefault
FNDA:1,_classCallCheck
FNDA:1,_possibleConstructorReturn
FNDA:1,_inherits
FNDA:1,(anonymous_7)
FNDA:1,GoogleButton
FNDA:0,componentDidMount
FNDA:0,onSignIn
FNDA:0,onClick
FNDA:0,renderGoogleLoginButton
FNDA:1,render
DA:3,1
DA:7,5
DA:9,1
DA:11,1
DA:13,1
DA:15,1
DA:17,1
DA:19,1
DA:21,3
DA:23,1
DA:25,1
DA:27,1
DA:30,1
DA:33,1
DA:34,1
DA:41,1
DA:42,1
DA:46,1
DA:48,1
DA:50,1
DA:51,1
DA:52,1
DA:58,1
DA:61,0
DA:72,0
DA:73,0
DA:74,0
DA:75,0
DA:86,0
DA:96,0
DA:115,1
DA:123,1
DA:126,1
LF:33
LH:26
BRDA:7,0,0,5
BRDA:7,0,1,5
BRDA:7,1,0,5
BRDA:7,1,1,0
BRDA:7,2,0,1
BRDA:7,2,1,0
BRDA:7,3,0,0
BRDA:7,3,1,1
BRDA:21,4,0,2
BRDA:21,4,1,1
BRDA:21,5,0,3
BRDA:21,5,1,3
BRDA:23,6,0,0
BRDA:23,6,1,1
BRDA:25,7,0,0
BRDA:25,7,1,1
BRDA:25,8,0,0
BRDA:25,8,1,1
BRDA:25,9,0,1
BRDA:25,9,1,0
BRDA:25,9,2,0
BRDA:27,10,0,0
BRDA:27,10,1,1
BRDA:27,11,0,1
BRDA:27,11,1,0
BRDA:27,12,0,1
BRDA:27,12,1,1
BRDA:27,13,0,1
BRDA:27,13,1,0
BRDA:27,14,0,1
BRDA:27,14,1,0
BRDA:48,15,0,1
BRDA:48,15,1,0
BRDA:73,16,0,0
BRDA:73,16,1,0
BRF:35
BRH:20
end_of_record
TN:
SF:/Users/andeladeveloper/Documents/checkpoint/src/components/Header.js
FN:7,(anonymous_0)
FN:7,defineProperties
FN:7,(anonymous_2)
FN:23,_interopRequireDefault
FN:25,_classCallCheck
FN:27,_possibleConstructorReturn
FN:29,_inherits
FN:35,(anonymous_7)
FN:39,Header
FN:57,render
FNF:10
FNH:10
FNDA:1,(anonymous_0)
FNDA:1,defineProperties
FNDA:1,(anonymous_2)
FNDA:2,_interopRequireDefault
FNDA:1,_classCallCheck
FNDA:1,_possibleConstructorReturn
FNDA:1,_inherits
FNDA:1,(anonymous_7)
FNDA:1,Header
FNDA:1,render
DA:3,1
DA:7,1
DA:9,1
DA:11,1
DA:13,1
DA:15,1
DA:17,1
DA:19,1
DA:21,1
DA:23,2
DA:25,1
DA:27,1
DA:29,1
DA:35,1
DA:36,1
DA:40,1
DA:42,1
DA:44,1
DA:45,1
DA:55,1
DA:58,1
DA:59,0
DA:91,1
DA:95,1
DA:98,1
LF:25
LH:24
BRDA:7,0,0,1
BRDA:7,0,1,1
BRDA:7,1,0,1
BRDA:7,1,1,0
BRDA:7,2,0,1
BRDA:7,2,1,0
BRDA:7,3,0,0
BRDA:7,3,1,1
BRDA:23,4,0,1
BRDA:23,4,1,1
BRDA:23,5,0,2
BRDA:23,5,1,2
BRDA:25,6,0,0
BRDA:25,6,1,1
BRDA:27,7,0,0
BRDA:27,7,1,1
BRDA:27,8,0,0
BRDA:27,8,1,1
BRDA:27,9,0,1
BRDA:27,9,1,0
BRDA:27,9,2,0
BRDA:29,10,0,0
BRDA:29,10,1,1
BRDA:29,11,0,1
BRDA:29,11,1,0
BRDA:29,12,0,1
BRDA:29,12,1,1
BRDA:29,13,0,1
BRDA:29,13,1,0
BRDA:29,14,0,1
BRDA:29,14,1,0
BRDA:42,15,0,1
BRDA:42,15,1,0
BRDA:58,16,0,0
BRDA:58,16,1,1
BRF:35
BRH:21
end_of_record
TN:
SF:/Users/andeladeveloper/Documents/checkpoint/src/components/Login.js
FN:7,(anonymous_0)
FN:7,defineProperties
FN:7,(anonymous_2)
FN:27,_interopRequireDefault
FN:29,_classCallCheck
FN:31,_possibleConstructorReturn
FN:33,_inherits
FN:44,(anonymous_7)
FN:47,Login
FN:58,componentWillMount
FN:71,render
FNF:11
FNH:6
FNDA:1,(anonymous_0)
FNDA:1,defineProperties
FNDA:1,(anonymous_2)
FNDA:4,_interopRequireDefault
FNDA:0,_classCallCheck
FNDA:0,_possibleConstructorReturn
FNDA:1,_inherits
FNDA:1,(anonymous_7)
FNDA:0,Login
FNDA:0,componentWillMount
FNDA:0,render
DA:3,1
DA:7,2
DA:9,1
DA:11,1
DA:13,1
DA:15,1
DA:17,1
DA:19,1
DA:21,1
DA:23,1
DA:25,1
DA:27,4
DA:29,0
DA:31,0
DA:33,1
DA:35,1
DA:44,1
DA:45,1
DA:48,0
DA:50,0
DA:53,1
DA:59,0
DA:60,0
DA:72,0
DA:103,1
DA:106,1
LF:26
LH:19
BRDA:7,0,0,2
BRDA:7,0,1,2
BRDA:7,1,0,2
BRDA:7,1,1,0
BRDA:7,2,0,1
BRDA:7,2,1,0
BRDA:7,3,0,0
BRDA:7,3,1,1
BRDA:27,4,0,3
BRDA:27,4,1,1
BRDA:27,5,0,4
BRDA:27,5,1,4
BRDA:29,6,0,0
BRDA:29,6,1,0
BRDA:31,7,0,0
BRDA:31,7,1,0
BRDA:31,8,0,0
BRDA:31,8,1,0
BRDA:31,9,0,0
BRDA:31,9,1,0
BRDA:31,9,2,0
BRDA:33,10,0,0
BRDA:33,10,1,1
BRDA:33,11,0,1
BRDA:33,11,1,0
BRDA:33,12,0,1
BRDA:33,12,1,1
BRDA:33,13,0,1
BRDA:33,13,1,0
BRDA:33,14,0,1
BRDA:33,14,1,0
BRDA:50,15,0,0
BRDA:50,15,1,0
BRDA:59,16,0,0
BRDA:59,16,1,0
BRF:35
BRH:15
end_of_record
TN:
SF:/Users/andeladeveloper/Documents/checkpoint/src/components/Logout.js
FN:7,(anonymous_0)
FN:7,defineProperties
FN:7,(anonymous_2)
FN:19,_interopRequireDefault
FN:21,_classCallCheck
FN:23,_possibleConstructorReturn
FN:25,_inherits
FN:36,(anonymous_7)
FN:39,Logout
FN:50,componentWillMount
FNF:10
FNH:6
FNDA:1,(anonymous_0)
FNDA:1,defineProperties
FNDA:1,(anonymous_2)
FNDA:2,_interopRequireDefault
FNDA:0,_classCallCheck
FNDA:0,_possibleConstructorReturn
FNDA:1,_inherits
FNDA:1,(anonymous_7)
FNDA:0,Logout
FNDA:0,componentWillMount
DA:3,1
DA:7,1
DA:9,1
DA:11,1
DA:13,1
DA:15,1
DA:17,1
DA:19,2
DA:21,0
DA:23,0
DA:25,1
DA:27,1
DA:36,1
DA:37,1
DA:40,0
DA:42,0
DA:45,1
DA:51,0
DA:52,0
DA:53,0
DA:55,0
DA:60,1
DA:63,1
LF:23
LH:15
BRDA:7,0,0,1
BRDA:7,0,1,1
BRDA:7,1,0,1
BRDA:7,1,1,0
BRDA:7,2,0,1
BRDA:7,2,1,0
BRDA:7,3,0,0
BRDA:7,3,1,1
BRDA:19,4,0,2
BRDA:19,4,1,0
BRDA:19,5,0,2
BRDA:19,5,1,2
BRDA:21,6,0,0
BRDA:21,6,1,0
BRDA:23,7,0,0
BRDA:23,7,1,0
BRDA:23,8,0,0
BRDA:23,8,1,0
BRDA:23,9,0,0
BRDA:23,9,1,0
BRDA:23,9,2,0
BRDA:25,10,0,0
BRDA:25,10,1,1
BRDA:25,11,0,1
BRDA:25,11,1,0
BRDA:25,12,0,1
BRDA:25,12,1,1
BRDA:25,13,0,1
BRDA:25,13,1,0
BRDA:25,14,0,1
BRDA:25,14,1,0
BRDA:42,15,0,0
BRDA:42,15,1,0
BRDA:51,16,0,0
BRDA:51,16,1,0
BRF:35
BRH:14
end_of_record
TN:
SF:/Users/andeladeveloper/Documents/checkpoint/src/components/News.js
FN:7,(anonymous_0)
FN:7,defineProperties
FN:7,(anonymous_2)
FN:35,_interopRequireDefault
FN:37,_classCallCheck
FN:39,_possibleConstructorReturn
FN:41,_inherits
FN:52,(anonymous_7)
FN:60,getItemsState
FN:71,News
FN:90,getInitialState
FN:98,componentWillMount
FN:108,componentDidMount
FN:119,componentWillUnmount
FN:127,onChange
FN:136,handleSort
FN:151,render
FN:155,(anonymous_17)
FN:229,(anonymous_18)
FNF:19
FNH:15
FNDA:1,(anonymous_0)
FNDA:2,defineProperties
FNDA:2,(anonymous_2)
FNDA:6,_interopRequireDefault
FNDA:1,_classCallCheck
FNDA:1,_possibleConstructorReturn
FNDA:1,_inherits
FNDA:1,(anonymous_7)
FNDA:0,getItemsState
FNDA:1,News
FNDA:0,getInitialState
FNDA:1,componentWillMount
FNDA:1,componentDidMount
FNDA:0,componentWillUnmount
FNDA:4,onChange
FNDA:0,handleSort
FNDA:8,render
FNDA:8,(anonymous_17)
FNDA:14,(anonymous_18)
DA:3,1
DA:7,8
DA:9,1
DA:11,1
DA:13,1
DA:15,1
DA:17,1
DA:19,1
DA:21,1
DA:23,1
DA:25,1
DA:27,1
DA:29,1
DA:31,1
DA:33,1
DA:35,6
DA:37,1
DA:39,1
DA:41,1
DA:43,1
DA:52,1
DA:53,1
DA:55,1
DA:61,0
DA:72,1
DA:74,1
DA:76,1
DA:80,1
DA:81,1
DA:82,1
DA:88,1
DA:91,0
DA:99,1
DA:100,1
DA:109,1
DA:111,1
DA:112,1
DA:120,0
DA:128,4
DA:137,0
DA:139,0
DA:140,0
DA:141,0
DA:152,8
DA:154,8
DA:155,8
DA:156,8
DA:164,8
DA:165,8
DA:166,3
DA:178,8
DA:230,14
DA:274,1
DA:277,1
DA:280,1
DA:284,1
LF:56
LH:49
BRDA:7,0,0,8
BRDA:7,0,1,8
BRDA:7,1,0,8
BRDA:7,1,1,0
BRDA:7,2,0,1
BRDA:7,2,1,1
BRDA:7,3,0,1
BRDA:7,3,1,1
BRDA:35,4,0,5
BRDA:35,4,1,1
BRDA:35,5,0,6
BRDA:35,5,1,6
BRDA:37,6,0,0
BRDA:37,6,1,1
BRDA:39,7,0,0
BRDA:39,7,1,1
BRDA:39,8,0,0
BRDA:39,8,1,1
BRDA:39,9,0,1
BRDA:39,9,1,0
BRDA:39,9,2,0
BRDA:41,10,0,0
BRDA:41,10,1,1
BRDA:41,11,0,1
BRDA:41,11,1,0
BRDA:41,12,0,1
BRDA:41,12,1,1
BRDA:41,13,0,1
BRDA:41,13,1,0
BRDA:41,14,0,1
BRDA:41,14,1,0
BRDA:74,15,0,1
BRDA:74,15,1,0
BRDA:99,16,0,1
BRDA:99,16,1,0
BRDA:165,17,0,3
BRDA:165,17,1,5
BRF:37
BRH:25
end_of_record
TN:
SF:/Users/andeladeveloper/Documents/checkpoint/src/components/NewsSources.js
FN:7,(anonymous_0)
FN:7,defineProperties
FN:7,(anonymous_2)
FN:33,_interopRequireDefault
FN:35,_classCallCheck
FN:37,_possibleConstructorReturn
FN:39,_inherits
FN:50,(anonymous_7)
FN:54,NewsSources
FN:75,getInitialState
FN:83,componentWillMount
FN:93,componentDidMount
FN:102,getItemsState
FN:113,sourcesChange
FN:125,componentWillUnMount
FN:133,updateSearch
FN:144,render
FN:147,(anonymous_17)
FN:183,(anonymous_18)
FNF:19
FNH:16
FNDA:1,(anonymous_0)
FNDA:1,defineProperties
FNDA:1,(anonymous_2)
FNDA:5,_interopRequireDefault
FNDA:6,_classCallCheck
FNDA:6,_possibleConstructorReturn
FNDA:1,_inherits
FNDA:1,(anonymous_7)
FNDA:6,NewsSources
FNDA:0,getInitialState
FNDA:6,componentWillMount
FNDA:5,componentDidMount
FNDA:16,getItemsState
FNDA:16,sourcesChange
FNDA:0,componentWillUnMount
FNDA:0,updateSearch
FNDA:27,render
FNDA:44,(anonymous_17)
FNDA:44,(anonymous_18)
DA:3,1
DA:7,8
DA:9,1
DA:11,1
DA:13,1
DA:15,1
DA:17,1
DA:19,1
DA:21,1
DA:23,1
DA:25,1
DA:27,1
DA:29,1
DA:31,1
DA:33,5
DA:35,6
DA:37,6
DA:39,1
DA:41,1
DA:50,1
DA:51,1
DA:55,6
DA:57,6
DA:59,6
DA:64,6
DA:65,6
DA:66,6
DA:67,6
DA:73,1
DA:76,0
DA:84,6
DA:85,6
DA:94,5
DA:95,5
DA:103,16
DA:114,16
DA:115,16
DA:126,0
DA:134,0
DA:145,27
DA:147,27
DA:148,44
DA:150,27
DA:151,27
DA:152,15
DA:164,27
DA:184,44
DA:221,1
DA:224,1
LF:49
LH:46
BRDA:7,0,0,8
BRDA:7,0,1,8
BRDA:7,1,0,8
BRDA:7,1,1,0
BRDA:7,2,0,1
BRDA:7,2,1,0
BRDA:7,3,0,0
BRDA:7,3,1,1
BRDA:33,4,0,4
BRDA:33,4,1,1
BRDA:33,5,0,5
BRDA:33,5,1,5
BRDA:35,6,0,0
BRDA:35,6,1,6
BRDA:37,7,0,0
BRDA:37,7,1,6
BRDA:37,8,0,0
BRDA:37,8,1,6
BRDA:37,9,0,6
BRDA:37,9,1,0
BRDA:37,9,2,0
BRDA:39,10,0,0
BRDA:39,10,1,1
BRDA:39,11,0,1
BRDA:39,11,1,0
BRDA:39,12,0,1
BRDA:39,12,1,1
BRDA:39,13,0,1
BRDA:39,13,1,0
BRDA:39,14,0,1
BRDA:39,14,1,0
BRDA:57,15,0,6
BRDA:57,15,1,0
BRDA:84,16,0,6
BRDA:84,16,1,0
BRDA:116,17,0,16
BRDA:116,17,1,0
BRDA:151,18,0,15
BRDA:151,18,1,12
BRF:39
BRH:24
end_of_record
TN:
SF:/Users/andeladeveloper/Documents/checkpoint/src/components/NotFound.js
FN:7,(anonymous_0)
FN:7,defineProperties
FN:7,(anonymous_2)
FN:23,_interopRequireDefault
FN:25,_classCallCheck
FN:27,_possibleConstructorReturn
FN:29,_inherits
FN:42,(anonymous_7)
FN:45,NotFound
FN:56,componentWillMount
FN:69,render
FNF:11
FNH:11
FNDA:1,(anonymous_0)
FNDA:1,defineProperties
FNDA:1,(anonymous_2)
FNDA:3,_interopRequireDefault
FNDA:1,_classCallCheck
FNDA:1,_possibleConstructorReturn
FNDA:1,_inherits
FNDA:1,(anonymous_7)
FNDA:1,NotFound
FNDA:1,componentWillMount
FNDA:1,render
DA:3,1
DA:7,2
DA:9,1
DA:11,1
DA:13,1
DA:15,1
DA:17,1
DA:19,1
DA:21,1
DA:23,3
DA:25,1
DA:27,1
DA:29,1
DA:33,1
DA:42,1
DA:43,1
DA:46,1
DA:48,1
DA:51,1
DA:57,1
DA:58,1
DA:70,1
DA:91,1
DA:94,1
LF:24
LH:24
BRDA:7,0,0,2
BRDA:7,0,1,2
BRDA:7,1,0,2
BRDA:7,1,1,0
BRDA:7,2,0,1
BRDA:7,2,1,0
BRDA:7,3,0,0
BRDA:7,3,1,1
BRDA:23,4,0,2
BRDA:23,4,1,1
BRDA:23,5,0,3
BRDA:23,5,1,3
BRDA:25,6,0,0
BRDA:25,6,1,1
BRDA:27,7,0,0
BRDA:27,7,1,1
BRDA:27,8,0,0
BRDA:27,8,1,1
BRDA:27,9,0,1
BRDA:27,9,1,0
BRDA:27,9,2,0
BRDA:29,10,0,0
BRDA:29,10,1,1
BRDA:29,11,0,1
BRDA:29,11,1,0
BRDA:29,12,0,1
BRDA:29,12,1,1
BRDA:29,13,0,1
BRDA:29,13,1,0
BRDA:29,14,0,1
BRDA:29,14,1,0
BRDA:48,15,0,1
BRDA:48,15,1,0
BRDA:57,16,0,1
BRDA:57,16,1,0
BRF:35
BRH:21
end_of_record
TN:
SF:/Users/andeladeveloper/Documents/checkpoint/src/components/Share.js
FN:7,(anonymous_0)
FN:7,defineProperties
FN:7,(anonymous_2)
FN:15,_interopRequireDefault
FN:17,_classCallCheck
FN:19,_possibleConstructorReturn
FN:21,_inherits
FN:40,(anonymous_7)
FN:44,Share
FN:61,render
FNF:10
FNH:10
FNDA:1,(anonymous_0)
FNDA:1,defineProperties
FNDA:1,(anonymous_2)
FNDA:1,_interopRequireDefault
FNDA:3,_classCallCheck
FNDA:3,_possibleConstructorReturn
FNDA:1,_inherits
FNDA:1,(anonymous_7)
FNDA:3,Share
FNDA:15,render
DA:3,1
DA:7,1
DA:9,1
DA:11,1
DA:13,1
DA:15,1
DA:17,3
DA:19,3
DA:21,1
DA:23,1
DA:24,1
DA:25,1
DA:26,1
DA:29,1
DA:30,1
DA:31,1
DA:32,1
DA:33,1
DA:40,1
DA:41,1
DA:45,3
DA:47,3
DA:49,3
DA:50,3
DA:59,1
DA:62,15
DA:63,15
DA:65,15
DA:142,1
DA:145,1
DA:149,1
DA:154,1
LF:32
LH:32
BRDA:7,0,0,1
BRDA:7,0,1,1
BRDA:7,1,0,1
BRDA:7,1,1,0
BRDA:7,2,0,1
BRDA:7,2,1,0
BRDA:7,3,0,0
BRDA:7,3,1,1
BRDA:15,4,0,0
BRDA:15,4,1,1
BRDA:15,5,0,1
BRDA:15,5,1,1
BRDA:17,6,0,0
BRDA:17,6,1,3
BRDA:19,7,0,0
BRDA:19,7,1,3
BRDA:19,8,0,0
BRDA:19,8,1,3
BRDA:19,9,0,3
BRDA:19,9,1,0
BRDA:19,9,2,0
BRDA:21,10,0,0
BRDA:21,10,1,1
BRDA:21,11,0,1
BRDA:21,11,1,0
BRDA:21,12,0,1
BRDA:21,12,1,1
BRDA:21,13,0,1
BRDA:21,13,1,0
BRDA:21,14,0,1
BRDA:21,14,1,0
BRDA:47,15,0,3
BRDA:47,15,1,0
BRF:33
BRH:19
end_of_record
TN:
SF:/Users/andeladeveloper/Documents/checkpoint/src/constants/NewsActionTypes.js
FN:11,_interopRequireDefault
FNF:1
FNH:1
FNDA:1,_interopRequireDefault
DA:3,1
DA:7,1
DA:9,1
DA:11,1
DA:14,1
DA:20,1
LF:6
LH:6
BRDA:11,0,0,0
BRDA:11,0,1,1
BRDA:11,1,0,1
BRDA:11,1,1,1
BRF:4
BRH:3
end_of_record
TN:
SF:/Users/andeladeveloper/Documents/checkpoint/src/containers/NewsContainer.js
FN:7,(anonymous_0)
FN:7,defineProperties
FN:7,(anonymous_2)
FN:9,_classCallCheck
FN:14,(anonymous_4)
FN:20,newsContainer
FN:40,add
FN:57,get
FNF:8
FNH:8
FNDA:1,(anonymous_0)
FNDA:1,defineProperties
FNDA:1,(anonymous_2)
FNDA:1,_classCallCheck
FNDA:1,(anonymous_4)
FNDA:1,newsContainer
FNDA:2,add
FNDA:1,get
DA:3,1
DA:7,2
DA:9,1
DA:14,1
DA:21,1
DA:23,1
DA:38,1
DA:41,2
DA:58,1
DA:62,1
DA:65,1
LF:11
LH:11
BRDA:7,0,0,2
BRDA:7,0,1,2
BRDA:7,1,0,2
BRDA:7,1,1,0
BRDA:7,2,0,1
BRDA:7,2,1,0
BRDA:7,3,0,0
BRDA:7,3,1,1
BRDA:9,4,0,0
BRDA:9,4,1,1
BRF:10
BRH:6
end_of_record
TN:
SF:/Users/andeladeveloper/Documents/checkpoint/src/containers/SourcesContainer.js
FN:7,(anonymous_0)
FN:7,defineProperties
FN:7,(anonymous_2)
FN:9,_classCallCheck
FN:14,(anonymous_4)
FN:20,SourcesContainer
FN:40,add
FN:58,get
FNF:8
FNH:8
FNDA:1,(anonymous_0)
FNDA:1,defineProperties
FNDA:1,(anonymous_2)
FNDA:6,_classCallCheck
FNDA:1,(anonymous_4)
FNDA:6,SourcesContainer
FNDA:3,add
FNDA:1,get
DA:3,1
DA:7,2
DA:9,6
DA:14,1
DA:21,6
DA:23,6
DA:38,1
DA:41,3
DA:59,1
DA:63,1
DA:66,1
LF:11
LH:11
BRDA:7,0,0,2
BRDA:7,0,1,2
BRDA:7,1,0,2
BRDA:7,1,1,0
BRDA:7,2,0,1
BRDA:7,2,1,0
BRDA:7,3,0,0
BRDA:7,3,1,1
BRDA:9,4,0,0
BRDA:9,4,1,6
BRF:10
BRH:6
end_of_record
TN:
SF:/Users/andeladeveloper/Documents/checkpoint/src/dispatcher/NewsDispatcher.js
FNF:0
FNH:0
DA:3,1
DA:7,1
DA:10,1
DA:11,1
LF:4
LH:4
BRF:0
BRH:0
end_of_record
TN:
SF:/Users/andeladeveloper/Documents/checkpoint/src/model/user.js
FN:7,(anonymous_0)
FN:7,defineProperties
FN:7,(anonymous_2)
FN:13,_interopRequireDefault
FN:15,_classCallCheck
FN:20,(anonymous_5)
FN:26,User
FN:46,Login
FN:64,LoggedIn
FN:75,assignUserValues
FN:91,removeUserValues
FN:105,logOut
FNF:12
FNH:12
FNDA:1,(anonymous_0)
FNDA:1,defineProperties
FNDA:1,(anonymous_2)
FNDA:1,_interopRequireDefault
FNDA:1,_classCallCheck
FNDA:1,(anonymous_5)
FNDA:1,User
FNDA:1,Login
FNDA:1,LoggedIn
FNDA:2,assignUserValues
FNDA:1,removeUserValues
FNDA:1,logOut
DA:3,1
DA:7,5
DA:9,1
DA:11,1
DA:13,1
DA:15,1
DA:20,1
DA:27,1
DA:29,1
DA:30,1
DA:31,1
DA:32,1
DA:33,1
DA:34,1
DA:44,1
DA:47,1
DA:52,1
DA:53,1
DA:54,1
DA:65,1
DA:76,2
DA:77,1
DA:78,1
DA:79,1
DA:80,1
DA:92,1
DA:93,1
DA:94,1
DA:95,1
DA:106,1
DA:107,1
DA:108,1
DA:112,1
DA:115,1
LF:34
LH:34
BRDA:7,0,0,5
BRDA:7,0,1,5
BRDA:7,1,0,5
BRDA:7,1,1,0
BRDA:7,2,0,1
BRDA:7,2,1,0
BRDA:7,3,0,0
BRDA:7,3,1,1
BRDA:13,4,0,0
BRDA:13,4,1,1
BRDA:13,5,0,1
BRDA:13,5,1,1
BRDA:15,6,0,0
BRDA:15,6,1,1
BRDA:29,7,0,1
BRDA:29,7,1,0
BRDA:76,8,0,1
BRDA:76,8,1,1
BRF:18
BRH:12
end_of_record
TN:
SF:/Users/andeladeveloper/Documents/checkpoint/src/stores/NewsSourcesStore.js
FN:21,_interopRequireDefault
FN:31,getAll
FN:37,getError
FN:43,emitChange
FN:52,addChangeListener
FN:61,removeChangeListener
FN:69,(anonymous_6)
FNF:7
FNH:6
FNDA:3,_interopRequireDefault
FNDA:17,getAll
FNDA:17,getError
FNDA:4,emitChange
FNDA:5,addChangeListener
FNDA:0,removeChangeListener
FNDA:6,(anonymous_6)
DA:3,1
DA:7,1
DA:9,1
DA:11,1
DA:13,1
DA:15,1
DA:17,1
DA:19,1
DA:21,3
DA:23,1
DA:25,1
DA:32,17
DA:38,17
DA:44,4
DA:53,5
DA:62,0
DA:69,1
DA:70,6
DA:73,2
DA:74,2
DA:75,2
DA:77,2
DA:78,2
DA:79,2
DA:82,2
DA:84,4
DA:87,1
LF:27
LH:26
BRDA:21,0,0,2
BRDA:21,0,1,1
BRDA:21,1,0,3
BRDA:21,1,1,3
BRDA:70,2,0,2
BRDA:70,2,1,2
BRDA:70,2,2,2
BRF:7
BRH:7
end_of_record
TN:
SF:/Users/andeladeveloper/Documents/checkpoint/src/stores/NewsStore.js
FN:21,_interopRequireDefault
FN:31,getAll
FN:37,getError
FN:43,emitChange
FN:52,addChangeListener
FN:61,removeChangeListener
FN:69,(anonymous_6)
FNF:7
FNH:6
FNDA:3,_interopRequireDefault
FNDA:5,getAll
FNDA:5,getError
FNDA:4,emitChange
FNDA:1,addChangeListener
FNDA:0,removeChangeListener
FNDA:6,(anonymous_6)
DA:3,1
DA:7,1
DA:9,1
DA:11,1
DA:13,1
DA:15,1
DA:17,1
DA:19,1
DA:21,3
DA:23,1
DA:25,1
DA:32,5
DA:38,5
DA:44,4
DA:53,1
DA:62,0
DA:69,1
DA:70,6
DA:73,2
DA:74,2
DA:75,2
DA:77,2
DA:78,2
DA:79,2
DA:82,2
DA:84,4
DA:87,1
LF:27
LH:26
BRDA:21,0,0,2
BRDA:21,0,1,1
BRDA:21,1,0,3
BRDA:21,1,1,3
BRDA:70,2,0,2
BRDA:70,2,1,2
BRDA:70,2,2,2
BRF:7
BRH:7
end_of_record
TN:
SF:/Users/andeladeveloper/Documents/checkpoint/src/utils/Api.js
FN:7,(anonymous_0)
FN:7,defineProperties
FN:7,(anonymous_2)
FN:13,_interopRequireDefault
FN:15,_classCallCheck
FN:20,(anonymous_5)
FN:21,Api
FN:42,addQuery
FN:52,getLink
FN:62,makeApiCall
FN:65,(anonymous_10)
FN:69,(anonymous_11)
FNF:12
FNH:9
FNDA:1,(anonymous_0)
FNDA:1,defineProperties
FNDA:1,(anonymous_2)
FNDA:1,_interopRequireDefault
FNDA:1,_classCallCheck
FNDA:1,(anonymous_5)
FNDA:1,Api
FNDA:2,addQuery
FNDA:2,getLink
FNDA:0,makeApiCall
FNDA:0,(anonymous_10)
FNDA:0,(anonymous_11)
DA:3,1
DA:7,3
DA:9,1
DA:11,1
DA:13,1
DA:15,1
DA:20,1
DA:22,1
DA:24,1
DA:25,1
DA:26,1
DA:27,1
DA:28,1
DA:29,1
DA:30,1
DA:40,1
DA:43,2
DA:53,2
DA:63,0
DA:65,0
DA:66,0
DA:67,0
DA:70,0
DA:75,1
DA:78,1
LF:25
LH:20
BRDA:7,0,0,3
BRDA:7,0,1,3
BRDA:7,1,0,3
BRDA:7,1,1,0
BRDA:7,2,0,1
BRDA:7,2,1,0
BRDA:7,3,0,0
BRDA:7,3,1,1
BRDA:13,4,0,0
BRDA:13,4,1,1
BRDA:13,5,0,1
BRDA:13,5,1,1
BRDA:15,6,0,0
BRDA:15,6,1,1
BRDA:66,7,0,0
BRDA:66,7,1,0
BRF:16
BRH:9
end_of_record
