{"/Users/andeladeveloper/Documents/checkpoint/src/App.js":{"path":"/Users/andeladeveloper/Documents/checkpoint/src/App.js","statementMap":{"0":{"start":{"line":3,"column":0},"end":{"line":5,"column":3}},"1":{"start":{"line":7,"column":13},"end":{"line":7,"column":29}},"2":{"start":{"line":9,"column":14},"end":{"line":9,"column":44}},"3":{"start":{"line":11,"column":22},"end":{"line":11,"column":49}},"4":{"start":{"line":13,"column":28},"end":{"line":13,"column":67}},"5":{"start":{"line":15,"column":29},"end":{"line":15,"column":74}},"6":{"start":{"line":17,"column":14},"end":{"line":17,"column":44}},"7":{"start":{"line":19,"column":15},"end":{"line":19,"column":46}},"8":{"start":{"line":21,"column":14},"end":{"line":21,"column":39}},"9":{"start":{"line":23,"column":15},"end":{"line":23,"column":46}},"10":{"start":{"line":25,"column":23},"end":{"line":25,"column":57}},"11":{"start":{"line":27,"column":24},"end":{"line":27,"column":64}},"12":{"start":{"line":29,"column":16},"end":{"line":29,"column":43}},"13":{"start":{"line":31,"column":17},"end":{"line":31,"column":50}},"14":{"start":{"line":33,"column":13},"end":{"line":33,"column":37}},"15":{"start":{"line":35,"column":14},"end":{"line":35,"column":44}},"16":{"start":{"line":37,"column":12},"end":{"line":37,"column":35}},"17":{"start":{"line":39,"column":13},"end":{"line":39,"column":42}},"18":{"start":{"line":41,"column":16},"end":{"line":41,"column":43}},"19":{"start":{"line":43,"column":17},"end":{"line":43,"column":50}},"20":{"start":{"line":45,"column":39},"end":{"line":45,"column":93}},"21":{"start":{"line":47,"column":14},"end":{"line":47,"column":51}},"22":{"start":{"line":50,"column":2},"end":{"line":69,"column":4}},"23":{"start":{"line":72,"column":0},"end":{"line":72,"column":22}}},"fnMap":{"0":{"name":"_interopRequireDefault","decl":{"start":{"line":45,"column":9},"end":{"line":45,"column":31}},"loc":{"start":{"line":45,"column":37},"end":{"line":45,"column":95}},"line":45},"1":{"name":"App","decl":{"start":{"line":49,"column":9},"end":{"line":49,"column":12}},"loc":{"start":{"line":49,"column":15},"end":{"line":70,"column":1}},"line":49}},"branchMap":{"0":{"loc":{"start":{"line":45,"column":46},"end":{"line":45,"column":92}},"type":"cond-expr","locations":[{"start":{"line":45,"column":70},"end":{"line":45,"column":73}},{"start":{"line":45,"column":76},"end":{"line":45,"column":92}}],"line":45},"1":{"loc":{"start":{"line":45,"column":46},"end":{"line":45,"column":67}},"type":"binary-expr","locations":[{"start":{"line":45,"column":46},"end":{"line":45,"column":49}},{"start":{"line":45,"column":53},"end":{"line":45,"column":67}}],"line":45}},"s":{"0":1,"1":1,"2":1,"3":1,"4":1,"5":1,"6":1,"7":1,"8":1,"9":1,"10":1,"11":1,"12":1,"13":1,"14":1,"15":1,"16":1,"17":1,"18":1,"19":1,"20":9,"21":1,"22":1,"23":1},"f":{"0":9,"1":1},"b":{"0":[8,1],"1":[9,9]},"_coverageSchema":"332fd63041d2c1bcb487cc26dd0d5f7d97098a6c","hash":"b6a147b3f28a862180a89e2e4717fa9029644b5c","contentHash":"3fa3b059c84374a1be85f166f3fb07d1_10.3.0"},"/Users/andeladeveloper/Documents/checkpoint/src/components/header.js":{"path":"/Users/andeladeveloper/Documents/checkpoint/src/components/header.js","statementMap":{"0":{"start":{"line":3,"column":0},"end":{"line":5,"column":3}},"1":{"start":{"line":7,"column":19},"end":{"line":7,"column":563}},"2":{"start":{"line":7,"column":76},"end":{"line":7,"column":347}},"3":{"start":{"line":7,"column":134},"end":{"line":7,"column":142}},"4":{"start":{"line":7,"column":144},"end":{"line":7,"column":199}},"5":{"start":{"line":7,"column":200},"end":{"line":7,"column":231}},"6":{"start":{"line":7,"column":232},"end":{"line":7,"column":286}},"7":{"start":{"line":7,"column":259},"end":{"line":7,"column":286}},"8":{"start":{"line":7,"column":287},"end":{"line":7,"column":345}},"9":{"start":{"line":7,"column":350},"end":{"line":7,"column":559}},"10":{"start":{"line":7,"column":407},"end":{"line":7,"column":475}},"11":{"start":{"line":7,"column":423},"end":{"line":7,"column":475}},"12":{"start":{"line":7,"column":476},"end":{"line":7,"column":536}},"13":{"start":{"line":7,"column":493},"end":{"line":7,"column":536}},"14":{"start":{"line":7,"column":537},"end":{"line":7,"column":556}},"15":{"start":{"line":9,"column":13},"end":{"line":9,"column":29}},"16":{"start":{"line":11,"column":14},"end":{"line":11,"column":44}},"17":{"start":{"line":13,"column":18},"end":{"line":13,"column":39}},"18":{"start":{"line":15,"column":22},"end":{"line":15,"column":49}},"19":{"start":{"line":17,"column":0},"end":{"line":17,"column":35}},"20":{"start":{"line":19,"column":12},"end":{"line":19,"column":36}},"21":{"start":{"line":21,"column":13},"end":{"line":21,"column":42}},"22":{"start":{"line":23,"column":39},"end":{"line":23,"column":93}},"23":{"start":{"line":25,"column":50},"end":{"line":25,"column":151}},"24":{"start":{"line":25,"column":92},"end":{"line":25,"column":149}},"25":{"start":{"line":27,"column":50},"end":{"line":27,"column":151}},"26":{"start":{"line":27,"column":63},"end":{"line":27,"column":149}},"27":{"start":{"line":27,"column":152},"end":{"line":27,"column":238}},"28":{"start":{"line":29,"column":43},"end":{"line":29,"column":208}},"29":{"start":{"line":29,"column":106},"end":{"line":29,"column":206}},"30":{"start":{"line":29,"column":209},"end":{"line":29,"column":373}},"31":{"start":{"line":29,"column":374},"end":{"line":29,"column":492}},"32":{"start":{"line":29,"column":390},"end":{"line":29,"column":492}},"33":{"start":{"line":31,"column":11},"end":{"line":94,"column":19}},"34":{"start":{"line":32,"column":2},"end":{"line":32,"column":30}},"35":{"start":{"line":35,"column":4},"end":{"line":35,"column":32}},"36":{"start":{"line":37,"column":16},"end":{"line":37,"column":115}},"37":{"start":{"line":39,"column":4},"end":{"line":39,"column":44}},"38":{"start":{"line":40,"column":4},"end":{"line":42,"column":6}},"39":{"start":{"line":43,"column":4},"end":{"line":43,"column":17}},"40":{"start":{"line":46,"column":2},"end":{"line":91,"column":6}},"41":{"start":{"line":49,"column":6},"end":{"line":51,"column":9}},"42":{"start":{"line":56,"column":6},"end":{"line":88,"column":7}},"43":{"start":{"line":57,"column":8},"end":{"line":87,"column":10}},"44":{"start":{"line":89,"column":6},"end":{"line":89,"column":56}},"45":{"start":{"line":93,"column":2},"end":{"line":93,"column":14}},"46":{"start":{"line":96,"column":0},"end":{"line":96,"column":23}}},"fnMap":{"0":{"name":"(anonymous_0)","decl":{"start":{"line":7,"column":19},"end":{"line":7,"column":20}},"loc":{"start":{"line":7,"column":31},"end":{"line":7,"column":561}},"line":7},"1":{"name":"defineProperties","decl":{"start":{"line":7,"column":42},"end":{"line":7,"column":58}},"loc":{"start":{"line":7,"column":74},"end":{"line":7,"column":349}},"line":7},"2":{"name":"(anonymous_2)","decl":{"start":{"line":7,"column":357},"end":{"line":7,"column":358}},"loc":{"start":{"line":7,"column":405},"end":{"line":7,"column":558}},"line":7},"3":{"name":"_interopRequireDefault","decl":{"start":{"line":23,"column":9},"end":{"line":23,"column":31}},"loc":{"start":{"line":23,"column":37},"end":{"line":23,"column":95}},"line":23},"4":{"name":"_classCallCheck","decl":{"start":{"line":25,"column":9},"end":{"line":25,"column":24}},"loc":{"start":{"line":25,"column":48},"end":{"line":25,"column":153}},"line":25},"5":{"name":"_possibleConstructorReturn","decl":{"start":{"line":27,"column":9},"end":{"line":27,"column":35}},"loc":{"start":{"line":27,"column":48},"end":{"line":27,"column":240}},"line":27},"6":{"name":"_inherits","decl":{"start":{"line":29,"column":9},"end":{"line":29,"column":18}},"loc":{"start":{"line":29,"column":41},"end":{"line":29,"column":494}},"line":29},"7":{"name":"(anonymous_7)","decl":{"start":{"line":31,"column":11},"end":{"line":31,"column":12}},"loc":{"start":{"line":31,"column":33},"end":{"line":94,"column":1}},"line":31},"8":{"name":"Menu","decl":{"start":{"line":34,"column":11},"end":{"line":34,"column":15}},"loc":{"start":{"line":34,"column":23},"end":{"line":44,"column":3}},"line":34},"9":{"name":"toggle","decl":{"start":{"line":48,"column":20},"end":{"line":48,"column":26}},"loc":{"start":{"line":48,"column":29},"end":{"line":52,"column":5}},"line":48},"10":{"name":"render","decl":{"start":{"line":55,"column":20},"end":{"line":55,"column":26}},"loc":{"start":{"line":55,"column":29},"end":{"line":90,"column":5}},"line":55}},"branchMap":{"0":{"loc":{"start":{"line":7,"column":168},"end":{"line":7,"column":198}},"type":"binary-expr","locations":[{"start":{"line":7,"column":168},"end":{"line":7,"column":189}},{"start":{"line":7,"column":193},"end":{"line":7,"column":198}}],"line":7},"1":{"loc":{"start":{"line":7,"column":232},"end":{"line":7,"column":286}},"type":"if","locations":[{"start":{"line":7,"column":232},"end":{"line":7,"column":286}},{"start":{"line":7,"column":232},"end":{"line":7,"column":286}}],"line":7},"2":{"loc":{"start":{"line":7,"column":407},"end":{"line":7,"column":475}},"type":"if","locations":[{"start":{"line":7,"column":407},"end":{"line":7,"column":475}},{"start":{"line":7,"column":407},"end":{"line":7,"column":475}}],"line":7},"3":{"loc":{"start":{"line":7,"column":476},"end":{"line":7,"column":536}},"type":"if","locations":[{"start":{"line":7,"column":476},"end":{"line":7,"column":536}},{"start":{"line":7,"column":476},"end":{"line":7,"column":536}}],"line":7},"4":{"loc":{"start":{"line":23,"column":46},"end":{"line":23,"column":92}},"type":"cond-expr","locations":[{"start":{"line":23,"column":70},"end":{"line":23,"column":73}},{"start":{"line":23,"column":76},"end":{"line":23,"column":92}}],"line":23},"5":{"loc":{"start":{"line":23,"column":46},"end":{"line":23,"column":67}},"type":"binary-expr","locations":[{"start":{"line":23,"column":46},"end":{"line":23,"column":49}},{"start":{"line":23,"column":53},"end":{"line":23,"column":67}}],"line":23},"6":{"loc":{"start":{"line":25,"column":50},"end":{"line":25,"column":151}},"type":"if","locations":[{"start":{"line":25,"column":50},"end":{"line":25,"column":151}},{"start":{"line":25,"column":50},"end":{"line":25,"column":151}}],"line":25},"7":{"loc":{"start":{"line":27,"column":50},"end":{"line":27,"column":151}},"type":"if","locations":[{"start":{"line":27,"column":50},"end":{"line":27,"column":151}},{"start":{"line":27,"column":50},"end":{"line":27,"column":151}}],"line":27},"8":{"loc":{"start":{"line":27,"column":159},"end":{"line":27,"column":237}},"type":"cond-expr","locations":[{"start":{"line":27,"column":226},"end":{"line":27,"column":230}},{"start":{"line":27,"column":233},"end":{"line":27,"column":237}}],"line":27},"9":{"loc":{"start":{"line":27,"column":159},"end":{"line":27,"column":223}},"type":"binary-expr","locations":[{"start":{"line":27,"column":159},"end":{"line":27,"column":163}},{"start":{"line":27,"column":168},"end":{"line":27,"column":192}},{"start":{"line":27,"column":196},"end":{"line":27,"column":222}}],"line":27},"10":{"loc":{"start":{"line":29,"column":43},"end":{"line":29,"column":208}},"type":"if","locations":[{"start":{"line":29,"column":43},"end":{"line":29,"column":208}},{"start":{"line":29,"column":43},"end":{"line":29,"column":208}}],"line":29},"11":{"loc":{"start":{"line":29,"column":47},"end":{"line":29,"column":102}},"type":"binary-expr","locations":[{"start":{"line":29,"column":47},"end":{"line":29,"column":79}},{"start":{"line":29,"column":83},"end":{"line":29,"column":102}}],"line":29},"12":{"loc":{"start":{"line":29,"column":244},"end":{"line":29,"column":278}},"type":"binary-expr","locations":[{"start":{"line":29,"column":244},"end":{"line":29,"column":254}},{"start":{"line":29,"column":258},"end":{"line":29,"column":278}}],"line":29},"13":{"loc":{"start":{"line":29,"column":374},"end":{"line":29,"column":492}},"type":"if","locations":[{"start":{"line":29,"column":374},"end":{"line":29,"column":492}},{"start":{"line":29,"column":374},"end":{"line":29,"column":492}}],"line":29},"14":{"loc":{"start":{"line":29,"column":390},"end":{"line":29,"column":491}},"type":"cond-expr","locations":[{"start":{"line":29,"column":414},"end":{"line":29,"column":457}},{"start":{"line":29,"column":460},"end":{"line":29,"column":491}}],"line":29},"15":{"loc":{"start":{"line":37,"column":50},"end":{"line":37,"column":95}},"type":"binary-expr","locations":[{"start":{"line":37,"column":50},"end":{"line":37,"column":64}},{"start":{"line":37,"column":68},"end":{"line":37,"column":95}}],"line":37},"16":{"loc":{"start":{"line":56,"column":6},"end":{"line":88,"column":7}},"type":"if","locations":[{"start":{"line":56,"column":6},"end":{"line":88,"column":7}},{"start":{"line":56,"column":6},"end":{"line":88,"column":7}}],"line":56}},"s":{"0":1,"1":1,"2":1,"3":2,"4":2,"5":2,"6":2,"7":2,"8":2,"9":1,"10":1,"11":1,"12":1,"13":0,"14":1,"15":1,"16":1,"17":1,"18":1,"19":1,"20":1,"21":1,"22":2,"23":0,"24":0,"25":0,"26":0,"27":0,"28":1,"29":0,"30":1,"31":1,"32":1,"33":1,"34":1,"35":0,"36":0,"37":0,"38":0,"39":0,"40":1,"41":0,"42":0,"43":0,"44":0,"45":1,"46":1},"f":{"0":1,"1":1,"2":1,"3":2,"4":0,"5":0,"6":1,"7":1,"8":0,"9":0,"10":0},"b":{"0":[2,2],"1":[2,0],"2":[1,0],"3":[0,1],"4":[1,1],"5":[2,2],"6":[0,0],"7":[0,0],"8":[0,0],"9":[0,0,0],"10":[0,1],"11":[1,0],"12":[1,1],"13":[1,0],"14":[1,0],"15":[0,0],"16":[0,0]},"_coverageSchema":"332fd63041d2c1bcb487cc26dd0d5f7d97098a6c","hash":"7e35df3ce39ad124fb42288311ff7d23096ac7de","contentHash":"3fdb1983dcd8abb33e753c7e7e8ecbc7_10.3.0"},"/Users/andeladeveloper/Documents/checkpoint/src/model/user.js":{"path":"/Users/andeladeveloper/Documents/checkpoint/src/model/user.js","statementMap":{"0":{"start":{"line":3,"column":0},"end":{"line":5,"column":3}},"1":{"start":{"line":7,"column":19},"end":{"line":7,"column":563}},"2":{"start":{"line":7,"column":76},"end":{"line":7,"column":347}},"3":{"start":{"line":7,"column":134},"end":{"line":7,"column":142}},"4":{"start":{"line":7,"column":144},"end":{"line":7,"column":199}},"5":{"start":{"line":7,"column":200},"end":{"line":7,"column":231}},"6":{"start":{"line":7,"column":232},"end":{"line":7,"column":286}},"7":{"start":{"line":7,"column":259},"end":{"line":7,"column":286}},"8":{"start":{"line":7,"column":287},"end":{"line":7,"column":345}},"9":{"start":{"line":7,"column":350},"end":{"line":7,"column":559}},"10":{"start":{"line":7,"column":407},"end":{"line":7,"column":475}},"11":{"start":{"line":7,"column":423},"end":{"line":7,"column":475}},"12":{"start":{"line":7,"column":476},"end":{"line":7,"column":536}},"13":{"start":{"line":7,"column":493},"end":{"line":7,"column":536}},"14":{"start":{"line":7,"column":537},"end":{"line":7,"column":556}},"15":{"start":{"line":9,"column":16},"end":{"line":9,"column":36}},"16":{"start":{"line":11,"column":17},"end":{"line":11,"column":50}},"17":{"start":{"line":13,"column":39},"end":{"line":13,"column":93}},"18":{"start":{"line":15,"column":50},"end":{"line":15,"column":151}},"19":{"start":{"line":15,"column":92},"end":{"line":15,"column":149}},"20":{"start":{"line":17,"column":11},"end":{"line":104,"column":3}},"21":{"start":{"line":19,"column":4},"end":{"line":19,"column":32}},"22":{"start":{"line":21,"column":4},"end":{"line":21,"column":135}},"23":{"start":{"line":22,"column":4},"end":{"line":22,"column":37}},"24":{"start":{"line":23,"column":4},"end":{"line":23,"column":24}},"25":{"start":{"line":24,"column":4},"end":{"line":24,"column":19}},"26":{"start":{"line":25,"column":4},"end":{"line":25,"column":23}},"27":{"start":{"line":26,"column":4},"end":{"line":26,"column":20}},"28":{"start":{"line":27,"column":4},"end":{"line":27,"column":28}},"29":{"start":{"line":30,"column":2},"end":{"line":101,"column":6}},"30":{"start":{"line":33,"column":6},"end":{"line":37,"column":9}},"31":{"start":{"line":38,"column":6},"end":{"line":38,"column":26}},"32":{"start":{"line":39,"column":6},"end":{"line":39,"column":33}},"33":{"start":{"line":40,"column":6},"end":{"line":40,"column":30}},"34":{"start":{"line":45,"column":6},"end":{"line":45,"column":47}},"35":{"start":{"line":50,"column":6},"end":{"line":55,"column":7}},"36":{"start":{"line":51,"column":8},"end":{"line":51,"column":52}},"37":{"start":{"line":52,"column":8},"end":{"line":52,"column":42}},"38":{"start":{"line":53,"column":8},"end":{"line":53,"column":44}},"39":{"start":{"line":54,"column":8},"end":{"line":54,"column":50}},"40":{"start":{"line":60,"column":6},"end":{"line":60,"column":28}},"41":{"start":{"line":61,"column":6},"end":{"line":61,"column":23}},"42":{"start":{"line":62,"column":6},"end":{"line":62,"column":24}},"43":{"start":{"line":63,"column":6},"end":{"line":63,"column":27}},"44":{"start":{"line":68,"column":19},"end":{"line":68,"column":24}},"45":{"start":{"line":69,"column":6},"end":{"line":75,"column":9}},"46":{"start":{"line":70,"column":8},"end":{"line":73,"column":9}},"47":{"start":{"line":71,"column":10},"end":{"line":71,"column":24}},"48":{"start":{"line":72,"column":10},"end":{"line":72,"column":22}},"49":{"start":{"line":74,"column":8},"end":{"line":74,"column":20}},"50":{"start":{"line":76,"column":6},"end":{"line":87,"column":7}},"51":{"start":{"line":77,"column":8},"end":{"line":86,"column":9}},"52":{"start":{"line":78,"column":10},"end":{"line":78,"column":39}},"53":{"start":{"line":79,"column":24},"end":{"line":84,"column":11}},"54":{"start":{"line":85,"column":10},"end":{"line":85,"column":55}},"55":{"start":{"line":92,"column":6},"end":{"line":92,"column":38}},"56":{"start":{"line":97,"column":6},"end":{"line":97,"column":27}},"57":{"start":{"line":98,"column":6},"end":{"line":98,"column":45}},"58":{"start":{"line":99,"column":6},"end":{"line":99,"column":30}},"59":{"start":{"line":103,"column":2},"end":{"line":103,"column":14}},"60":{"start":{"line":106,"column":0},"end":{"line":106,"column":29}}},"fnMap":{"0":{"name":"(anonymous_0)","decl":{"start":{"line":7,"column":19},"end":{"line":7,"column":20}},"loc":{"start":{"line":7,"column":31},"end":{"line":7,"column":561}},"line":7},"1":{"name":"defineProperties","decl":{"start":{"line":7,"column":42},"end":{"line":7,"column":58}},"loc":{"start":{"line":7,"column":74},"end":{"line":7,"column":349}},"line":7},"2":{"name":"(anonymous_2)","decl":{"start":{"line":7,"column":357},"end":{"line":7,"column":358}},"loc":{"start":{"line":7,"column":405},"end":{"line":7,"column":558}},"line":7},"3":{"name":"_interopRequireDefault","decl":{"start":{"line":13,"column":9},"end":{"line":13,"column":31}},"loc":{"start":{"line":13,"column":37},"end":{"line":13,"column":95}},"line":13},"4":{"name":"_classCallCheck","decl":{"start":{"line":15,"column":9},"end":{"line":15,"column":24}},"loc":{"start":{"line":15,"column":48},"end":{"line":15,"column":153}},"line":15},"5":{"name":"(anonymous_5)","decl":{"start":{"line":17,"column":11},"end":{"line":17,"column":12}},"loc":{"start":{"line":17,"column":23},"end":{"line":104,"column":1}},"line":17},"6":{"name":"User","decl":{"start":{"line":18,"column":11},"end":{"line":18,"column":15}},"loc":{"start":{"line":18,"column":18},"end":{"line":28,"column":3}},"line":18},"7":{"name":"Login","decl":{"start":{"line":32,"column":20},"end":{"line":32,"column":25}},"loc":{"start":{"line":32,"column":35},"end":{"line":41,"column":5}},"line":32},"8":{"name":"isLoggedIn","decl":{"start":{"line":44,"column":20},"end":{"line":44,"column":30}},"loc":{"start":{"line":44,"column":33},"end":{"line":46,"column":5}},"line":44},"9":{"name":"assignUserValues","decl":{"start":{"line":49,"column":20},"end":{"line":49,"column":36}},"loc":{"start":{"line":49,"column":39},"end":{"line":56,"column":5}},"line":49},"10":{"name":"removeUserValues","decl":{"start":{"line":59,"column":20},"end":{"line":59,"column":36}},"loc":{"start":{"line":59,"column":39},"end":{"line":64,"column":5}},"line":59},"11":{"name":"addFavorites","decl":{"start":{"line":67,"column":20},"end":{"line":67,"column":32}},"loc":{"start":{"line":67,"column":42},"end":{"line":88,"column":5}},"line":67},"12":{"name":"(anonymous_12)","decl":{"start":{"line":69,"column":29},"end":{"line":69,"column":30}},"loc":{"start":{"line":69,"column":45},"end":{"line":75,"column":7}},"line":69},"13":{"name":"removeFavourite","decl":{"start":{"line":91,"column":20},"end":{"line":91,"column":35}},"loc":{"start":{"line":91,"column":49},"end":{"line":93,"column":5}},"line":91},"14":{"name":"logOut","decl":{"start":{"line":96,"column":20},"end":{"line":96,"column":26}},"loc":{"start":{"line":96,"column":29},"end":{"line":100,"column":5}},"line":96}},"branchMap":{"0":{"loc":{"start":{"line":7,"column":168},"end":{"line":7,"column":198}},"type":"binary-expr","locations":[{"start":{"line":7,"column":168},"end":{"line":7,"column":189}},{"start":{"line":7,"column":193},"end":{"line":7,"column":198}}],"line":7},"1":{"loc":{"start":{"line":7,"column":232},"end":{"line":7,"column":286}},"type":"if","locations":[{"start":{"line":7,"column":232},"end":{"line":7,"column":286}},{"start":{"line":7,"column":232},"end":{"line":7,"column":286}}],"line":7},"2":{"loc":{"start":{"line":7,"column":407},"end":{"line":7,"column":475}},"type":"if","locations":[{"start":{"line":7,"column":407},"end":{"line":7,"column":475}},{"start":{"line":7,"column":407},"end":{"line":7,"column":475}}],"line":7},"3":{"loc":{"start":{"line":7,"column":476},"end":{"line":7,"column":536}},"type":"if","locations":[{"start":{"line":7,"column":476},"end":{"line":7,"column":536}},{"start":{"line":7,"column":476},"end":{"line":7,"column":536}}],"line":7},"4":{"loc":{"start":{"line":13,"column":46},"end":{"line":13,"column":92}},"type":"cond-expr","locations":[{"start":{"line":13,"column":70},"end":{"line":13,"column":73}},{"start":{"line":13,"column":76},"end":{"line":13,"column":92}}],"line":13},"5":{"loc":{"start":{"line":13,"column":46},"end":{"line":13,"column":67}},"type":"binary-expr","locations":[{"start":{"line":13,"column":46},"end":{"line":13,"column":49}},{"start":{"line":13,"column":53},"end":{"line":13,"column":67}}],"line":13},"6":{"loc":{"start":{"line":15,"column":50},"end":{"line":15,"column":151}},"type":"if","locations":[{"start":{"line":15,"column":50},"end":{"line":15,"column":151}},{"start":{"line":15,"column":50},"end":{"line":15,"column":151}}],"line":15},"7":{"loc":{"start":{"line":21,"column":23},"end":{"line":21,"column":134}},"type":"cond-expr","locations":[{"start":{"line":21,"column":75},"end":{"line":21,"column":84}},{"start":{"line":21,"column":87},"end":{"line":21,"column":134}}],"line":21},"8":{"loc":{"start":{"line":50,"column":6},"end":{"line":55,"column":7}},"type":"if","locations":[{"start":{"line":50,"column":6},"end":{"line":55,"column":7}},{"start":{"line":50,"column":6},"end":{"line":55,"column":7}}],"line":50},"9":{"loc":{"start":{"line":70,"column":8},"end":{"line":73,"column":9}},"type":"if","locations":[{"start":{"line":70,"column":8},"end":{"line":73,"column":9}},{"start":{"line":70,"column":8},"end":{"line":73,"column":9}}],"line":70},"10":{"loc":{"start":{"line":76,"column":6},"end":{"line":87,"column":7}},"type":"if","locations":[{"start":{"line":76,"column":6},"end":{"line":87,"column":7}},{"start":{"line":76,"column":6},"end":{"line":87,"column":7}}],"line":76},"11":{"loc":{"start":{"line":77,"column":8},"end":{"line":86,"column":9}},"type":"if","locations":[{"start":{"line":77,"column":8},"end":{"line":86,"column":9}},{"start":{"line":77,"column":8},"end":{"line":86,"column":9}}],"line":77}},"s":{"0":1,"1":1,"2":1,"3":7,"4":7,"5":7,"6":7,"7":7,"8":7,"9":1,"10":1,"11":1,"12":1,"13":0,"14":1,"15":1,"16":1,"17":1,"18":1,"19":0,"20":1,"21":1,"22":1,"23":1,"24":1,"25":1,"26":1,"27":1,"28":1,"29":1,"30":1,"31":1,"32":1,"33":1,"34":2,"35":2,"36":1,"37":1,"38":1,"39":1,"40":1,"41":1,"42":1,"43":1,"44":0,"45":0,"46":0,"47":0,"48":0,"49":0,"50":0,"51":0,"52":0,"53":0,"54":0,"55":0,"56":1,"57":1,"58":1,"59":1,"60":1},"f":{"0":1,"1":1,"2":1,"3":1,"4":1,"5":1,"6":1,"7":1,"8":2,"9":2,"10":1,"11":0,"12":0,"13":0,"14":1},"b":{"0":[7,7],"1":[7,0],"2":[1,0],"3":[0,1],"4":[0,1],"5":[1,1],"6":[0,1],"7":[1,0],"8":[1,1],"9":[0,0],"10":[0,0],"11":[0,0]},"_coverageSchema":"332fd63041d2c1bcb487cc26dd0d5f7d97098a6c","hash":"29d2271e594f4433bb1017c817c71eab62f80958","contentHash":"031171ec11c47956b757a8d4c293cb7f_10.3.0"},"/Users/andeladeveloper/Documents/checkpoint/src/views/logout.js":{"path":"/Users/andeladeveloper/Documents/checkpoint/src/views/logout.js","statementMap":{"0":{"start":{"line":3,"column":0},"end":{"line":5,"column":3}},"1":{"start":{"line":7,"column":19},"end":{"line":7,"column":563}},"2":{"start":{"line":7,"column":76},"end":{"line":7,"column":347}},"3":{"start":{"line":7,"column":134},"end":{"line":7,"column":142}},"4":{"start":{"line":7,"column":144},"end":{"line":7,"column":199}},"5":{"start":{"line":7,"column":200},"end":{"line":7,"column":231}},"6":{"start":{"line":7,"column":232},"end":{"line":7,"column":286}},"7":{"start":{"line":7,"column":259},"end":{"line":7,"column":286}},"8":{"start":{"line":7,"column":287},"end":{"line":7,"column":345}},"9":{"start":{"line":7,"column":350},"end":{"line":7,"column":559}},"10":{"start":{"line":7,"column":407},"end":{"line":7,"column":475}},"11":{"start":{"line":7,"column":423},"end":{"line":7,"column":475}},"12":{"start":{"line":7,"column":476},"end":{"line":7,"column":536}},"13":{"start":{"line":7,"column":493},"end":{"line":7,"column":536}},"14":{"start":{"line":7,"column":537},"end":{"line":7,"column":556}},"15":{"start":{"line":9,"column":13},"end":{"line":9,"column":29}},"16":{"start":{"line":11,"column":28},"end":{"line":11,"column":67}},"17":{"start":{"line":13,"column":29},"end":{"line":13,"column":74}},"18":{"start":{"line":15,"column":12},"end":{"line":15,"column":36}},"19":{"start":{"line":17,"column":13},"end":{"line":17,"column":42}},"20":{"start":{"line":19,"column":39},"end":{"line":19,"column":93}},"21":{"start":{"line":21,"column":50},"end":{"line":21,"column":151}},"22":{"start":{"line":21,"column":92},"end":{"line":21,"column":149}},"23":{"start":{"line":23,"column":50},"end":{"line":23,"column":151}},"24":{"start":{"line":23,"column":63},"end":{"line":23,"column":149}},"25":{"start":{"line":23,"column":152},"end":{"line":23,"column":238}},"26":{"start":{"line":25,"column":43},"end":{"line":25,"column":208}},"27":{"start":{"line":25,"column":106},"end":{"line":25,"column":206}},"28":{"start":{"line":25,"column":209},"end":{"line":25,"column":373}},"29":{"start":{"line":25,"column":374},"end":{"line":25,"column":492}},"30":{"start":{"line":25,"column":390},"end":{"line":25,"column":492}},"31":{"start":{"line":27,"column":14},"end":{"line":29,"column":2}},"32":{"start":{"line":31,"column":13},"end":{"line":53,"column":19}},"33":{"start":{"line":32,"column":2},"end":{"line":32,"column":32}},"34":{"start":{"line":35,"column":4},"end":{"line":35,"column":34}},"35":{"start":{"line":37,"column":4},"end":{"line":37,"column":120}},"36":{"start":{"line":40,"column":2},"end":{"line":50,"column":6}},"37":{"start":{"line":43,"column":6},"end":{"line":48,"column":7}},"38":{"start":{"line":44,"column":8},"end":{"line":44,"column":32}},"39":{"start":{"line":45,"column":8},"end":{"line":45,"column":31}},"40":{"start":{"line":47,"column":8},"end":{"line":47,"column":31}},"41":{"start":{"line":52,"column":2},"end":{"line":52,"column":16}},"42":{"start":{"line":55,"column":0},"end":{"line":55,"column":25}}},"fnMap":{"0":{"name":"(anonymous_0)","decl":{"start":{"line":7,"column":19},"end":{"line":7,"column":20}},"loc":{"start":{"line":7,"column":31},"end":{"line":7,"column":561}},"line":7},"1":{"name":"defineProperties","decl":{"start":{"line":7,"column":42},"end":{"line":7,"column":58}},"loc":{"start":{"line":7,"column":74},"end":{"line":7,"column":349}},"line":7},"2":{"name":"(anonymous_2)","decl":{"start":{"line":7,"column":357},"end":{"line":7,"column":358}},"loc":{"start":{"line":7,"column":405},"end":{"line":7,"column":558}},"line":7},"3":{"name":"_interopRequireDefault","decl":{"start":{"line":19,"column":9},"end":{"line":19,"column":31}},"loc":{"start":{"line":19,"column":37},"end":{"line":19,"column":95}},"line":19},"4":{"name":"_classCallCheck","decl":{"start":{"line":21,"column":9},"end":{"line":21,"column":24}},"loc":{"start":{"line":21,"column":48},"end":{"line":21,"column":153}},"line":21},"5":{"name":"_possibleConstructorReturn","decl":{"start":{"line":23,"column":9},"end":{"line":23,"column":35}},"loc":{"start":{"line":23,"column":48},"end":{"line":23,"column":240}},"line":23},"6":{"name":"_inherits","decl":{"start":{"line":25,"column":9},"end":{"line":25,"column":18}},"loc":{"start":{"line":25,"column":41},"end":{"line":25,"column":494}},"line":25},"7":{"name":"(anonymous_7)","decl":{"start":{"line":31,"column":13},"end":{"line":31,"column":14}},"loc":{"start":{"line":31,"column":35},"end":{"line":53,"column":1}},"line":31},"8":{"name":"Logout","decl":{"start":{"line":34,"column":11},"end":{"line":34,"column":17}},"loc":{"start":{"line":34,"column":20},"end":{"line":38,"column":3}},"line":34},"9":{"name":"componentWillMount","decl":{"start":{"line":42,"column":20},"end":{"line":42,"column":38}},"loc":{"start":{"line":42,"column":41},"end":{"line":49,"column":5}},"line":42}},"branchMap":{"0":{"loc":{"start":{"line":7,"column":168},"end":{"line":7,"column":198}},"type":"binary-expr","locations":[{"start":{"line":7,"column":168},"end":{"line":7,"column":189}},{"start":{"line":7,"column":193},"end":{"line":7,"column":198}}],"line":7},"1":{"loc":{"start":{"line":7,"column":232},"end":{"line":7,"column":286}},"type":"if","locations":[{"start":{"line":7,"column":232},"end":{"line":7,"column":286}},{"start":{"line":7,"column":232},"end":{"line":7,"column":286}}],"line":7},"2":{"loc":{"start":{"line":7,"column":407},"end":{"line":7,"column":475}},"type":"if","locations":[{"start":{"line":7,"column":407},"end":{"line":7,"column":475}},{"start":{"line":7,"column":407},"end":{"line":7,"column":475}}],"line":7},"3":{"loc":{"start":{"line":7,"column":476},"end":{"line":7,"column":536}},"type":"if","locations":[{"start":{"line":7,"column":476},"end":{"line":7,"column":536}},{"start":{"line":7,"column":476},"end":{"line":7,"column":536}}],"line":7},"4":{"loc":{"start":{"line":19,"column":46},"end":{"line":19,"column":92}},"type":"cond-expr","locations":[{"start":{"line":19,"column":70},"end":{"line":19,"column":73}},{"start":{"line":19,"column":76},"end":{"line":19,"column":92}}],"line":19},"5":{"loc":{"start":{"line":19,"column":46},"end":{"line":19,"column":67}},"type":"binary-expr","locations":[{"start":{"line":19,"column":46},"end":{"line":19,"column":49}},{"start":{"line":19,"column":53},"end":{"line":19,"column":67}}],"line":19},"6":{"loc":{"start":{"line":21,"column":50},"end":{"line":21,"column":151}},"type":"if","locations":[{"start":{"line":21,"column":50},"end":{"line":21,"column":151}},{"start":{"line":21,"column":50},"end":{"line":21,"column":151}}],"line":21},"7":{"loc":{"start":{"line":23,"column":50},"end":{"line":23,"column":151}},"type":"if","locations":[{"start":{"line":23,"column":50},"end":{"line":23,"column":151}},{"start":{"line":23,"column":50},"end":{"line":23,"column":151}}],"line":23},"8":{"loc":{"start":{"line":23,"column":159},"end":{"line":23,"column":237}},"type":"cond-expr","locations":[{"start":{"line":23,"column":226},"end":{"line":23,"column":230}},{"start":{"line":23,"column":233},"end":{"line":23,"column":237}}],"line":23},"9":{"loc":{"start":{"line":23,"column":159},"end":{"line":23,"column":223}},"type":"binary-expr","locations":[{"start":{"line":23,"column":159},"end":{"line":23,"column":163}},{"start":{"line":23,"column":168},"end":{"line":23,"column":192}},{"start":{"line":23,"column":196},"end":{"line":23,"column":222}}],"line":23},"10":{"loc":{"start":{"line":25,"column":43},"end":{"line":25,"column":208}},"type":"if","locations":[{"start":{"line":25,"column":43},"end":{"line":25,"column":208}},{"start":{"line":25,"column":43},"end":{"line":25,"column":208}}],"line":25},"11":{"loc":{"start":{"line":25,"column":47},"end":{"line":25,"column":102}},"type":"binary-expr","locations":[{"start":{"line":25,"column":47},"end":{"line":25,"column":79}},{"start":{"line":25,"column":83},"end":{"line":25,"column":102}}],"line":25},"12":{"loc":{"start":{"line":25,"column":244},"end":{"line":25,"column":278}},"type":"binary-expr","locations":[{"start":{"line":25,"column":244},"end":{"line":25,"column":254}},{"start":{"line":25,"column":258},"end":{"line":25,"column":278}}],"line":25},"13":{"loc":{"start":{"line":25,"column":374},"end":{"line":25,"column":492}},"type":"if","locations":[{"start":{"line":25,"column":374},"end":{"line":25,"column":492}},{"start":{"line":25,"column":374},"end":{"line":25,"column":492}}],"line":25},"14":{"loc":{"start":{"line":25,"column":390},"end":{"line":25,"column":491}},"type":"cond-expr","locations":[{"start":{"line":25,"column":414},"end":{"line":25,"column":457}},{"start":{"line":25,"column":460},"end":{"line":25,"column":491}}],"line":25},"15":{"loc":{"start":{"line":37,"column":45},"end":{"line":37,"column":94}},"type":"binary-expr","locations":[{"start":{"line":37,"column":45},"end":{"line":37,"column":61}},{"start":{"line":37,"column":65},"end":{"line":37,"column":94}}],"line":37},"16":{"loc":{"start":{"line":43,"column":6},"end":{"line":48,"column":7}},"type":"if","locations":[{"start":{"line":43,"column":6},"end":{"line":48,"column":7}},{"start":{"line":43,"column":6},"end":{"line":48,"column":7}}],"line":43}},"s":{"0":1,"1":1,"2":1,"3":1,"4":1,"5":1,"6":1,"7":1,"8":1,"9":1,"10":1,"11":1,"12":1,"13":0,"14":1,"15":1,"16":1,"17":1,"18":1,"19":1,"20":2,"21":0,"22":0,"23":0,"24":0,"25":0,"26":1,"27":0,"28":1,"29":1,"30":1,"31":1,"32":1,"33":1,"34":0,"35":0,"36":1,"37":0,"38":0,"39":0,"40":0,"41":1,"42":1},"f":{"0":1,"1":1,"2":1,"3":2,"4":0,"5":0,"6":1,"7":1,"8":0,"9":0},"b":{"0":[1,1],"1":[1,0],"2":[1,0],"3":[0,1],"4":[2,0],"5":[2,2],"6":[0,0],"7":[0,0],"8":[0,0],"9":[0,0,0],"10":[0,1],"11":[1,0],"12":[1,1],"13":[1,0],"14":[1,0],"15":[0,0],"16":[0,0]},"_coverageSchema":"332fd63041d2c1bcb487cc26dd0d5f7d97098a6c","hash":"2112b25f3c97050c5e4af83dab9cfe0d9fb176dc","contentHash":"ff061716bbd90d6f045759fc7f7c7b48_10.3.0"},"/Users/andeladeveloper/Documents/checkpoint/src/views/newssourcesview.js":{"path":"/Users/andeladeveloper/Documents/checkpoint/src/views/newssourcesview.js","statementMap":{"0":{"start":{"line":3,"column":0},"end":{"line":5,"column":3}},"1":{"start":{"line":7,"column":19},"end":{"line":7,"column":563}},"2":{"start":{"line":7,"column":76},"end":{"line":7,"column":347}},"3":{"start":{"line":7,"column":134},"end":{"line":7,"column":142}},"4":{"start":{"line":7,"column":144},"end":{"line":7,"column":199}},"5":{"start":{"line":7,"column":200},"end":{"line":7,"column":231}},"6":{"start":{"line":7,"column":232},"end":{"line":7,"column":286}},"7":{"start":{"line":7,"column":259},"end":{"line":7,"column":286}},"8":{"start":{"line":7,"column":287},"end":{"line":7,"column":345}},"9":{"start":{"line":7,"column":350},"end":{"line":7,"column":559}},"10":{"start":{"line":7,"column":407},"end":{"line":7,"column":475}},"11":{"start":{"line":7,"column":423},"end":{"line":7,"column":475}},"12":{"start":{"line":7,"column":476},"end":{"line":7,"column":536}},"13":{"start":{"line":7,"column":493},"end":{"line":7,"column":536}},"14":{"start":{"line":7,"column":537},"end":{"line":7,"column":556}},"15":{"start":{"line":9,"column":28},"end":{"line":9,"column":67}},"16":{"start":{"line":11,"column":29},"end":{"line":11,"column":74}},"17":{"start":{"line":13,"column":13},"end":{"line":13,"column":29}},"18":{"start":{"line":15,"column":14},"end":{"line":15,"column":44}},"19":{"start":{"line":17,"column":18},"end":{"line":17,"column":39}},"20":{"start":{"line":19,"column":24},"end":{"line":19,"column":61}},"21":{"start":{"line":21,"column":25},"end":{"line":21,"column":66}},"22":{"start":{"line":23,"column":19},"end":{"line":23,"column":52}},"23":{"start":{"line":25,"column":20},"end":{"line":25,"column":56}},"24":{"start":{"line":27,"column":0},"end":{"line":27,"column":35}},"25":{"start":{"line":29,"column":12},"end":{"line":29,"column":36}},"26":{"start":{"line":31,"column":13},"end":{"line":31,"column":42}},"27":{"start":{"line":33,"column":39},"end":{"line":33,"column":93}},"28":{"start":{"line":35,"column":50},"end":{"line":35,"column":151}},"29":{"start":{"line":35,"column":92},"end":{"line":35,"column":149}},"30":{"start":{"line":37,"column":50},"end":{"line":37,"column":151}},"31":{"start":{"line":37,"column":63},"end":{"line":37,"column":149}},"32":{"start":{"line":37,"column":152},"end":{"line":37,"column":238}},"33":{"start":{"line":39,"column":43},"end":{"line":39,"column":208}},"34":{"start":{"line":39,"column":106},"end":{"line":39,"column":206}},"35":{"start":{"line":39,"column":209},"end":{"line":39,"column":373}},"36":{"start":{"line":39,"column":374},"end":{"line":39,"column":492}},"37":{"start":{"line":39,"column":390},"end":{"line":39,"column":492}},"38":{"start":{"line":41,"column":14},"end":{"line":43,"column":2}},"39":{"start":{"line":45,"column":22},"end":{"line":172,"column":19}},"40":{"start":{"line":46,"column":2},"end":{"line":46,"column":41}},"41":{"start":{"line":49,"column":4},"end":{"line":49,"column":43}},"42":{"start":{"line":51,"column":16},"end":{"line":51,"column":130}},"43":{"start":{"line":53,"column":4},"end":{"line":56,"column":6}},"44":{"start":{"line":57,"column":4},"end":{"line":57,"column":58}},"45":{"start":{"line":58,"column":4},"end":{"line":58,"column":50}},"46":{"start":{"line":59,"column":4},"end":{"line":59,"column":56}},"47":{"start":{"line":60,"column":4},"end":{"line":60,"column":17}},"48":{"start":{"line":63,"column":2},"end":{"line":169,"column":6}},"49":{"start":{"line":66,"column":6},"end":{"line":66,"column":34}},"50":{"start":{"line":71,"column":6},"end":{"line":73,"column":7}},"51":{"start":{"line":72,"column":8},"end":{"line":72,"column":31}},"52":{"start":{"line":78,"column":6},"end":{"line":78,"column":67}},"53":{"start":{"line":79,"column":6},"end":{"line":79,"column":41}},"54":{"start":{"line":84,"column":22},"end":{"line":84,"column":42}},"55":{"start":{"line":85,"column":6},"end":{"line":87,"column":9}},"56":{"start":{"line":92,"column":6},"end":{"line":94,"column":8}},"57":{"start":{"line":99,"column":6},"end":{"line":99,"column":70}},"58":{"start":{"line":104,"column":6},"end":{"line":104,"column":52}},"59":{"start":{"line":109,"column":19},"end":{"line":109,"column":23}},"60":{"start":{"line":111,"column":28},"end":{"line":113,"column":8}},"61":{"start":{"line":112,"column":8},"end":{"line":112,"column":92}},"62":{"start":{"line":115,"column":6},"end":{"line":167,"column":8}},"63":{"start":{"line":134,"column":12},"end":{"line":164,"column":14}},"64":{"start":{"line":171,"column":2},"end":{"line":171,"column":25}},"65":{"start":{"line":174,"column":0},"end":{"line":174,"column":34}}},"fnMap":{"0":{"name":"(anonymous_0)","decl":{"start":{"line":7,"column":19},"end":{"line":7,"column":20}},"loc":{"start":{"line":7,"column":31},"end":{"line":7,"column":561}},"line":7},"1":{"name":"defineProperties","decl":{"start":{"line":7,"column":42},"end":{"line":7,"column":58}},"loc":{"start":{"line":7,"column":74},"end":{"line":7,"column":349}},"line":7},"2":{"name":"(anonymous_2)","decl":{"start":{"line":7,"column":357},"end":{"line":7,"column":358}},"loc":{"start":{"line":7,"column":405},"end":{"line":7,"column":558}},"line":7},"3":{"name":"_interopRequireDefault","decl":{"start":{"line":33,"column":9},"end":{"line":33,"column":31}},"loc":{"start":{"line":33,"column":37},"end":{"line":33,"column":95}},"line":33},"4":{"name":"_classCallCheck","decl":{"start":{"line":35,"column":9},"end":{"line":35,"column":24}},"loc":{"start":{"line":35,"column":48},"end":{"line":35,"column":153}},"line":35},"5":{"name":"_possibleConstructorReturn","decl":{"start":{"line":37,"column":9},"end":{"line":37,"column":35}},"loc":{"start":{"line":37,"column":48},"end":{"line":37,"column":240}},"line":37},"6":{"name":"_inherits","decl":{"start":{"line":39,"column":9},"end":{"line":39,"column":18}},"loc":{"start":{"line":39,"column":41},"end":{"line":39,"column":494}},"line":39},"7":{"name":"(anonymous_7)","decl":{"start":{"line":45,"column":22},"end":{"line":45,"column":23}},"loc":{"start":{"line":45,"column":44},"end":{"line":172,"column":1}},"line":45},"8":{"name":"NewsSourcesView","decl":{"start":{"line":48,"column":11},"end":{"line":48,"column":26}},"loc":{"start":{"line":48,"column":29},"end":{"line":61,"column":3}},"line":48},"9":{"name":"getInitialState","decl":{"start":{"line":65,"column":20},"end":{"line":65,"column":35}},"loc":{"start":{"line":65,"column":38},"end":{"line":67,"column":5}},"line":65},"10":{"name":"componentWillMount","decl":{"start":{"line":70,"column":20},"end":{"line":70,"column":38}},"loc":{"start":{"line":70,"column":41},"end":{"line":74,"column":5}},"line":70},"11":{"name":"componentDidMount","decl":{"start":{"line":77,"column":20},"end":{"line":77,"column":37}},"loc":{"start":{"line":77,"column":40},"end":{"line":80,"column":5}},"line":77},"12":{"name":"onChange2","decl":{"start":{"line":83,"column":20},"end":{"line":83,"column":29}},"loc":{"start":{"line":83,"column":32},"end":{"line":88,"column":5}},"line":83},"13":{"name":"getItemsState","decl":{"start":{"line":91,"column":20},"end":{"line":91,"column":33}},"loc":{"start":{"line":91,"column":36},"end":{"line":95,"column":5}},"line":91},"14":{"name":"componentWillUnMount","decl":{"start":{"line":98,"column":20},"end":{"line":98,"column":40}},"loc":{"start":{"line":98,"column":43},"end":{"line":100,"column":5}},"line":98},"15":{"name":"updateSearch","decl":{"start":{"line":103,"column":20},"end":{"line":103,"column":32}},"loc":{"start":{"line":103,"column":40},"end":{"line":105,"column":5}},"line":103},"16":{"name":"render","decl":{"start":{"line":108,"column":20},"end":{"line":108,"column":26}},"loc":{"start":{"line":108,"column":29},"end":{"line":168,"column":5}},"line":108},"17":{"name":"(anonymous_17)","decl":{"start":{"line":111,"column":54},"end":{"line":111,"column":55}},"loc":{"start":{"line":111,"column":72},"end":{"line":113,"column":7}},"line":111},"18":{"name":"(anonymous_18)","decl":{"start":{"line":133,"column":30},"end":{"line":133,"column":31}},"loc":{"start":{"line":133,"column":48},"end":{"line":165,"column":11}},"line":133}},"branchMap":{"0":{"loc":{"start":{"line":7,"column":168},"end":{"line":7,"column":198}},"type":"binary-expr","locations":[{"start":{"line":7,"column":168},"end":{"line":7,"column":189}},{"start":{"line":7,"column":193},"end":{"line":7,"column":198}}],"line":7},"1":{"loc":{"start":{"line":7,"column":232},"end":{"line":7,"column":286}},"type":"if","locations":[{"start":{"line":7,"column":232},"end":{"line":7,"column":286}},{"start":{"line":7,"column":232},"end":{"line":7,"column":286}}],"line":7},"2":{"loc":{"start":{"line":7,"column":407},"end":{"line":7,"column":475}},"type":"if","locations":[{"start":{"line":7,"column":407},"end":{"line":7,"column":475}},{"start":{"line":7,"column":407},"end":{"line":7,"column":475}}],"line":7},"3":{"loc":{"start":{"line":7,"column":476},"end":{"line":7,"column":536}},"type":"if","locations":[{"start":{"line":7,"column":476},"end":{"line":7,"column":536}},{"start":{"line":7,"column":476},"end":{"line":7,"column":536}}],"line":7},"4":{"loc":{"start":{"line":33,"column":46},"end":{"line":33,"column":92}},"type":"cond-expr","locations":[{"start":{"line":33,"column":70},"end":{"line":33,"column":73}},{"start":{"line":33,"column":76},"end":{"line":33,"column":92}}],"line":33},"5":{"loc":{"start":{"line":33,"column":46},"end":{"line":33,"column":67}},"type":"binary-expr","locations":[{"start":{"line":33,"column":46},"end":{"line":33,"column":49}},{"start":{"line":33,"column":53},"end":{"line":33,"column":67}}],"line":33},"6":{"loc":{"start":{"line":35,"column":50},"end":{"line":35,"column":151}},"type":"if","locations":[{"start":{"line":35,"column":50},"end":{"line":35,"column":151}},{"start":{"line":35,"column":50},"end":{"line":35,"column":151}}],"line":35},"7":{"loc":{"start":{"line":37,"column":50},"end":{"line":37,"column":151}},"type":"if","locations":[{"start":{"line":37,"column":50},"end":{"line":37,"column":151}},{"start":{"line":37,"column":50},"end":{"line":37,"column":151}}],"line":37},"8":{"loc":{"start":{"line":37,"column":159},"end":{"line":37,"column":237}},"type":"cond-expr","locations":[{"start":{"line":37,"column":226},"end":{"line":37,"column":230}},{"start":{"line":37,"column":233},"end":{"line":37,"column":237}}],"line":37},"9":{"loc":{"start":{"line":37,"column":159},"end":{"line":37,"column":223}},"type":"binary-expr","locations":[{"start":{"line":37,"column":159},"end":{"line":37,"column":163}},{"start":{"line":37,"column":168},"end":{"line":37,"column":192}},{"start":{"line":37,"column":196},"end":{"line":37,"column":222}}],"line":37},"10":{"loc":{"start":{"line":39,"column":43},"end":{"line":39,"column":208}},"type":"if","locations":[{"start":{"line":39,"column":43},"end":{"line":39,"column":208}},{"start":{"line":39,"column":43},"end":{"line":39,"column":208}}],"line":39},"11":{"loc":{"start":{"line":39,"column":47},"end":{"line":39,"column":102}},"type":"binary-expr","locations":[{"start":{"line":39,"column":47},"end":{"line":39,"column":79}},{"start":{"line":39,"column":83},"end":{"line":39,"column":102}}],"line":39},"12":{"loc":{"start":{"line":39,"column":244},"end":{"line":39,"column":278}},"type":"binary-expr","locations":[{"start":{"line":39,"column":244},"end":{"line":39,"column":254}},{"start":{"line":39,"column":258},"end":{"line":39,"column":278}}],"line":39},"13":{"loc":{"start":{"line":39,"column":374},"end":{"line":39,"column":492}},"type":"if","locations":[{"start":{"line":39,"column":374},"end":{"line":39,"column":492}},{"start":{"line":39,"column":374},"end":{"line":39,"column":492}}],"line":39},"14":{"loc":{"start":{"line":39,"column":390},"end":{"line":39,"column":491}},"type":"cond-expr","locations":[{"start":{"line":39,"column":414},"end":{"line":39,"column":457}},{"start":{"line":39,"column":460},"end":{"line":39,"column":491}}],"line":39},"15":{"loc":{"start":{"line":51,"column":50},"end":{"line":51,"column":117}},"type":"binary-expr","locations":[{"start":{"line":51,"column":50},"end":{"line":51,"column":75}},{"start":{"line":51,"column":79},"end":{"line":51,"column":117}}],"line":51},"16":{"loc":{"start":{"line":71,"column":6},"end":{"line":73,"column":7}},"type":"if","locations":[{"start":{"line":71,"column":6},"end":{"line":73,"column":7}},{"start":{"line":71,"column":6},"end":{"line":73,"column":7}}],"line":71},"17":{"loc":{"start":{"line":86,"column":17},"end":{"line":86,"column":40}},"type":"binary-expr","locations":[{"start":{"line":86,"column":17},"end":{"line":86,"column":34}},{"start":{"line":86,"column":38},"end":{"line":86,"column":40}}],"line":86}},"s":{"0":1,"1":1,"2":1,"3":8,"4":8,"5":8,"6":8,"7":8,"8":8,"9":1,"10":1,"11":1,"12":1,"13":0,"14":1,"15":1,"16":1,"17":1,"18":1,"19":1,"20":1,"21":1,"22":1,"23":1,"24":1,"25":1,"26":1,"27":5,"28":0,"29":0,"30":0,"31":0,"32":0,"33":1,"34":0,"35":1,"36":1,"37":1,"38":1,"39":1,"40":1,"41":0,"42":0,"43":0,"44":0,"45":0,"46":0,"47":0,"48":1,"49":0,"50":0,"51":0,"52":0,"53":0,"54":0,"55":0,"56":0,"57":0,"58":0,"59":0,"60":0,"61":0,"62":0,"63":0,"64":1,"65":1},"f":{"0":1,"1":1,"2":1,"3":5,"4":0,"5":0,"6":1,"7":1,"8":0,"9":0,"10":0,"11":0,"12":0,"13":0,"14":0,"15":0,"16":0,"17":0,"18":0},"b":{"0":[8,8],"1":[8,0],"2":[1,0],"3":[0,1],"4":[4,1],"5":[5,5],"6":[0,0],"7":[0,0],"8":[0,0],"9":[0,0,0],"10":[0,1],"11":[1,0],"12":[1,1],"13":[1,0],"14":[1,0],"15":[0,0],"16":[0,0],"17":[0,0]},"_coverageSchema":"332fd63041d2c1bcb487cc26dd0d5f7d97098a6c","hash":"4dbd011809e94ab4813f2ee11e76cd6d50c1a58d","contentHash":"2466e1716683111a7adb589d049ad356_10.3.0"},"/Users/andeladeveloper/Documents/checkpoint/src/stores/NewsSourcesStore.js":{"path":"/Users/andeladeveloper/Documents/checkpoint/src/stores/NewsSourcesStore.js","statementMap":{"0":{"start":{"line":3,"column":0},"end":{"line":5,"column":3}},"1":{"start":{"line":7,"column":20},"end":{"line":7,"column":44}},"2":{"start":{"line":9,"column":21},"end":{"line":9,"column":58}},"3":{"start":{"line":11,"column":14},"end":{"line":11,"column":31}},"4":{"start":{"line":13,"column":22},"end":{"line":13,"column":61}},"5":{"start":{"line":15,"column":23},"end":{"line":15,"column":62}},"6":{"start":{"line":17,"column":23},"end":{"line":17,"column":62}},"7":{"start":{"line":19,"column":24},"end":{"line":19,"column":64}},"8":{"start":{"line":21,"column":39},"end":{"line":21,"column":93}},"9":{"start":{"line":23,"column":19},"end":{"line":23,"column":27}},"10":{"start":{"line":25,"column":23},"end":{"line":47,"column":2}},"11":{"start":{"line":30,"column":4},"end":{"line":30,"column":24}},"12":{"start":{"line":33,"column":4},"end":{"line":33,"column":28}},"13":{"start":{"line":42,"column":4},"end":{"line":42,"column":36}},"14":{"start":{"line":45,"column":4},"end":{"line":45,"column":48}},"15":{"start":{"line":49,"column":0},"end":{"line":61,"column":3}},"16":{"start":{"line":50,"column":2},"end":{"line":59,"column":3}},"17":{"start":{"line":53,"column":6},"end":{"line":53,"column":49}},"18":{"start":{"line":54,"column":6},"end":{"line":54,"column":36}},"19":{"start":{"line":55,"column":6},"end":{"line":55,"column":12}},"20":{"start":{"line":58,"column":6},"end":{"line":58,"column":18}},"21":{"start":{"line":60,"column":2},"end":{"line":60,"column":14}},"22":{"start":{"line":63,"column":0},"end":{"line":63,"column":35}}},"fnMap":{"0":{"name":"_interopRequireDefault","decl":{"start":{"line":21,"column":9},"end":{"line":21,"column":31}},"loc":{"start":{"line":21,"column":37},"end":{"line":21,"column":95}},"line":21},"1":{"name":"getAll","decl":{"start":{"line":29,"column":19},"end":{"line":29,"column":25}},"loc":{"start":{"line":29,"column":28},"end":{"line":31,"column":3}},"line":29},"2":{"name":"emitChange","decl":{"start":{"line":32,"column":23},"end":{"line":32,"column":33}},"loc":{"start":{"line":32,"column":36},"end":{"line":34,"column":3}},"line":32},"3":{"name":"addChangeListener","decl":{"start":{"line":41,"column":30},"end":{"line":41,"column":47}},"loc":{"start":{"line":41,"column":58},"end":{"line":43,"column":3}},"line":41},"4":{"name":"removeChangeListener","decl":{"start":{"line":44,"column":33},"end":{"line":44,"column":53}},"loc":{"start":{"line":44,"column":64},"end":{"line":46,"column":3}},"line":44},"5":{"name":"(anonymous_5)","decl":{"start":{"line":49,"column":34},"end":{"line":49,"column":35}},"loc":{"start":{"line":49,"column":53},"end":{"line":61,"column":1}},"line":49}},"branchMap":{"0":{"loc":{"start":{"line":21,"column":46},"end":{"line":21,"column":92}},"type":"cond-expr","locations":[{"start":{"line":21,"column":70},"end":{"line":21,"column":73}},{"start":{"line":21,"column":76},"end":{"line":21,"column":92}}],"line":21},"1":{"loc":{"start":{"line":21,"column":46},"end":{"line":21,"column":67}},"type":"binary-expr","locations":[{"start":{"line":21,"column":46},"end":{"line":21,"column":49}},{"start":{"line":21,"column":53},"end":{"line":21,"column":67}}],"line":21},"2":{"loc":{"start":{"line":50,"column":2},"end":{"line":59,"column":3}},"type":"switch","locations":[{"start":{"line":52,"column":4},"end":{"line":55,"column":12}},{"start":{"line":57,"column":4},"end":{"line":58,"column":18}}],"line":50}},"s":{"0":1,"1":1,"2":1,"3":1,"4":1,"5":1,"6":1,"7":1,"8":3,"9":1,"10":1,"11":0,"12":0,"13":0,"14":0,"15":1,"16":0,"17":0,"18":0,"19":0,"20":0,"21":0,"22":1},"f":{"0":3,"1":0,"2":0,"3":0,"4":0,"5":0},"b":{"0":[2,1],"1":[3,3],"2":[0,0]},"_coverageSchema":"332fd63041d2c1bcb487cc26dd0d5f7d97098a6c","hash":"a0ed776d8326ae1ab4ae1b89ed80ede8716b9838","contentHash":"79b13a276c4f8379bb9a36c1b162bfa2_10.3.0"},"/Users/andeladeveloper/Documents/checkpoint/src/dispatcher/NewsDispatcher.js":{"path":"/Users/andeladeveloper/Documents/checkpoint/src/dispatcher/NewsDispatcher.js","statementMap":{"0":{"start":{"line":3,"column":0},"end":{"line":5,"column":3}},"1":{"start":{"line":7,"column":12},"end":{"line":7,"column":27}},"2":{"start":{"line":9,"column":21},"end":{"line":9,"column":43}},"3":{"start":{"line":10,"column":0},"end":{"line":10,"column":33}}},"fnMap":{},"branchMap":{},"s":{"0":1,"1":1,"2":1,"3":1},"f":{},"b":{},"_coverageSchema":"332fd63041d2c1bcb487cc26dd0d5f7d97098a6c","hash":"d746bdeb5971db53b8accbf580a02ca6d543fa98","contentHash":"29f98e171f56f7cc03ebaf430cb5c472_10.3.0"},"/Users/andeladeveloper/Documents/checkpoint/src/constants/NewsActionTypes.js":{"path":"/Users/andeladeveloper/Documents/checkpoint/src/constants/NewsActionTypes.js","statementMap":{"0":{"start":{"line":3,"column":0},"end":{"line":5,"column":3}},"1":{"start":{"line":7,"column":17},"end":{"line":7,"column":37}},"2":{"start":{"line":9,"column":18},"end":{"line":9,"column":52}},"3":{"start":{"line":11,"column":39},"end":{"line":11,"column":93}},"4":{"start":{"line":14,"column":22},"end":{"line":17,"column":2}},"5":{"start":{"line":19,"column":0},"end":{"line":19,"column":34}}},"fnMap":{"0":{"name":"_interopRequireDefault","decl":{"start":{"line":11,"column":9},"end":{"line":11,"column":31}},"loc":{"start":{"line":11,"column":37},"end":{"line":11,"column":95}},"line":11}},"branchMap":{"0":{"loc":{"start":{"line":11,"column":46},"end":{"line":11,"column":92}},"type":"cond-expr","locations":[{"start":{"line":11,"column":70},"end":{"line":11,"column":73}},{"start":{"line":11,"column":76},"end":{"line":11,"column":92}}],"line":11},"1":{"loc":{"start":{"line":11,"column":46},"end":{"line":11,"column":67}},"type":"binary-expr","locations":[{"start":{"line":11,"column":46},"end":{"line":11,"column":49}},{"start":{"line":11,"column":53},"end":{"line":11,"column":67}}],"line":11}},"s":{"0":1,"1":1,"2":1,"3":1,"4":1,"5":1},"f":{"0":1},"b":{"0":[0,1],"1":[1,1]},"_coverageSchema":"332fd63041d2c1bcb487cc26dd0d5f7d97098a6c","hash":"0ed0c007a2342b575e50b9290da2f4ae66c464fb","contentHash":"a5ce15ea40971835545339fe68dd9b7d_10.3.0"},"/Users/andeladeveloper/Documents/checkpoint/src/actions/NewsActions.js":{"path":"/Users/andeladeveloper/Documents/checkpoint/src/actions/NewsActions.js","statementMap":{"0":{"start":{"line":3,"column":0},"end":{"line":5,"column":3}},"1":{"start":{"line":7,"column":13},"end":{"line":7,"column":29}},"2":{"start":{"line":9,"column":14},"end":{"line":9,"column":44}},"3":{"start":{"line":11,"column":23},"end":{"line":11,"column":62}},"4":{"start":{"line":13,"column":24},"end":{"line":13,"column":64}},"5":{"start":{"line":15,"column":22},"end":{"line":15,"column":61}},"6":{"start":{"line":17,"column":23},"end":{"line":17,"column":62}},"7":{"start":{"line":19,"column":24},"end":{"line":19,"column":62}},"8":{"start":{"line":21,"column":25},"end":{"line":21,"column":66}},"9":{"start":{"line":23,"column":21},"end":{"line":23,"column":56}},"10":{"start":{"line":25,"column":22},"end":{"line":25,"column":60}},"11":{"start":{"line":27,"column":11},"end":{"line":27,"column":34}},"12":{"start":{"line":29,"column":12},"end":{"line":29,"column":40}},"13":{"start":{"line":31,"column":39},"end":{"line":31,"column":93}},"14":{"start":{"line":33,"column":18},"end":{"line":77,"column":1}},"15":{"start":{"line":36,"column":4},"end":{"line":36,"column":31}},"16":{"start":{"line":37,"column":4},"end":{"line":37,"column":45}},"17":{"start":{"line":38,"column":4},"end":{"line":54,"column":7}},"18":{"start":{"line":39,"column":18},"end":{"line":39,"column":47}},"19":{"start":{"line":40,"column":17},"end":{"line":40,"column":30}},"20":{"start":{"line":41,"column":6},"end":{"line":51,"column":7}},"21":{"start":{"line":42,"column":23},"end":{"line":42,"column":36}},"22":{"start":{"line":43,"column":8},"end":{"line":45,"column":11}},"23":{"start":{"line":44,"column":10},"end":{"line":44,"column":105}},"24":{"start":{"line":47,"column":8},"end":{"line":50,"column":11}},"25":{"start":{"line":53,"column":6},"end":{"line":53,"column":25}},"26":{"start":{"line":58,"column":4},"end":{"line":58,"column":31}},"27":{"start":{"line":59,"column":23},"end":{"line":59,"column":55}},"28":{"start":{"line":60,"column":4},"end":{"line":75,"column":7}},"29":{"start":{"line":61,"column":6},"end":{"line":72,"column":7}},"30":{"start":{"line":62,"column":19},"end":{"line":62,"column":32}},"31":{"start":{"line":63,"column":22},"end":{"line":63,"column":34}},"32":{"start":{"line":64,"column":8},"end":{"line":66,"column":11}},"33":{"start":{"line":65,"column":10},"end":{"line":65,"column":113}},"34":{"start":{"line":68,"column":8},"end":{"line":71,"column":11}},"35":{"start":{"line":74,"column":6},"end":{"line":74,"column":25}},"36":{"start":{"line":79,"column":0},"end":{"line":79,"column":30}}},"fnMap":{"0":{"name":"_interopRequireDefault","decl":{"start":{"line":31,"column":9},"end":{"line":31,"column":31}},"loc":{"start":{"line":31,"column":37},"end":{"line":31,"column":95}},"line":31},"1":{"name":"getNews","decl":{"start":{"line":35,"column":20},"end":{"line":35,"column":27}},"loc":{"start":{"line":35,"column":36},"end":{"line":55,"column":3}},"line":35},"2":{"name":"(anonymous_2)","decl":{"start":{"line":38,"column":55},"end":{"line":38,"column":56}},"loc":{"start":{"line":38,"column":75},"end":{"line":52,"column":5}},"line":38},"3":{"name":"(anonymous_3)","decl":{"start":{"line":43,"column":25},"end":{"line":43,"column":26}},"loc":{"start":{"line":43,"column":44},"end":{"line":45,"column":9}},"line":43},"4":{"name":"(anonymous_4)","decl":{"start":{"line":52,"column":13},"end":{"line":52,"column":14}},"loc":{"start":{"line":52,"column":30},"end":{"line":54,"column":5}},"line":52},"5":{"name":"getSources","decl":{"start":{"line":57,"column":23},"end":{"line":57,"column":33}},"loc":{"start":{"line":57,"column":36},"end":{"line":76,"column":3}},"line":57},"6":{"name":"(anonymous_6)","decl":{"start":{"line":60,"column":52},"end":{"line":60,"column":53}},"loc":{"start":{"line":60,"column":72},"end":{"line":73,"column":5}},"line":60},"7":{"name":"(anonymous_7)","decl":{"start":{"line":64,"column":24},"end":{"line":64,"column":25}},"loc":{"start":{"line":64,"column":42},"end":{"line":66,"column":9}},"line":64},"8":{"name":"(anonymous_8)","decl":{"start":{"line":73,"column":13},"end":{"line":73,"column":14}},"loc":{"start":{"line":73,"column":30},"end":{"line":75,"column":5}},"line":73}},"branchMap":{"0":{"loc":{"start":{"line":31,"column":46},"end":{"line":31,"column":92}},"type":"cond-expr","locations":[{"start":{"line":31,"column":70},"end":{"line":31,"column":73}},{"start":{"line":31,"column":76},"end":{"line":31,"column":92}}],"line":31},"1":{"loc":{"start":{"line":31,"column":46},"end":{"line":31,"column":67}},"type":"binary-expr","locations":[{"start":{"line":31,"column":46},"end":{"line":31,"column":49}},{"start":{"line":31,"column":53},"end":{"line":31,"column":67}}],"line":31},"2":{"loc":{"start":{"line":41,"column":6},"end":{"line":51,"column":7}},"type":"if","locations":[{"start":{"line":41,"column":6},"end":{"line":51,"column":7}},{"start":{"line":41,"column":6},"end":{"line":51,"column":7}}],"line":41},"3":{"loc":{"start":{"line":61,"column":6},"end":{"line":72,"column":7}},"type":"if","locations":[{"start":{"line":61,"column":6},"end":{"line":72,"column":7}},{"start":{"line":61,"column":6},"end":{"line":72,"column":7}}],"line":61}},"s":{"0":1,"1":1,"2":1,"3":1,"4":1,"5":1,"6":1,"7":1,"8":1,"9":1,"10":1,"11":1,"12":1,"13":6,"14":1,"15":0,"16":0,"17":0,"18":0,"19":0,"20":0,"21":0,"22":0,"23":0,"24":0,"25":0,"26":0,"27":0,"28":0,"29":0,"30":0,"31":0,"32":0,"33":0,"34":0,"35":0,"36":1},"f":{"0":6,"1":0,"2":0,"3":0,"4":0,"5":0,"6":0,"7":0,"8":0},"b":{"0":[5,1],"1":[6,6],"2":[0,0],"3":[0,0]},"_coverageSchema":"332fd63041d2c1bcb487cc26dd0d5f7d97098a6c","hash":"b076e37531deb7dba7e03e87583783f5fc71f050","contentHash":"94e8d05422e56fc10e00889f39705c1b_10.3.0"},"/Users/andeladeveloper/Documents/checkpoint/src/configs/SourcesContainer.js":{"path":"/Users/andeladeveloper/Documents/checkpoint/src/configs/SourcesContainer.js","statementMap":{"0":{"start":{"line":3,"column":0},"end":{"line":5,"column":3}},"1":{"start":{"line":7,"column":19},"end":{"line":7,"column":563}},"2":{"start":{"line":7,"column":76},"end":{"line":7,"column":347}},"3":{"start":{"line":7,"column":134},"end":{"line":7,"column":142}},"4":{"start":{"line":7,"column":144},"end":{"line":7,"column":199}},"5":{"start":{"line":7,"column":200},"end":{"line":7,"column":231}},"6":{"start":{"line":7,"column":232},"end":{"line":7,"column":286}},"7":{"start":{"line":7,"column":259},"end":{"line":7,"column":286}},"8":{"start":{"line":7,"column":287},"end":{"line":7,"column":345}},"9":{"start":{"line":7,"column":350},"end":{"line":7,"column":559}},"10":{"start":{"line":7,"column":407},"end":{"line":7,"column":475}},"11":{"start":{"line":7,"column":423},"end":{"line":7,"column":475}},"12":{"start":{"line":7,"column":476},"end":{"line":7,"column":536}},"13":{"start":{"line":7,"column":493},"end":{"line":7,"column":536}},"14":{"start":{"line":7,"column":537},"end":{"line":7,"column":556}},"15":{"start":{"line":9,"column":50},"end":{"line":9,"column":151}},"16":{"start":{"line":9,"column":92},"end":{"line":9,"column":149}},"17":{"start":{"line":11,"column":23},"end":{"line":38,"column":3}},"18":{"start":{"line":13,"column":4},"end":{"line":13,"column":44}},"19":{"start":{"line":15,"column":4},"end":{"line":15,"column":22}},"20":{"start":{"line":18,"column":2},"end":{"line":35,"column":6}},"21":{"start":{"line":21,"column":6},"end":{"line":28,"column":9}},"22":{"start":{"line":33,"column":6},"end":{"line":33,"column":26}},"23":{"start":{"line":37,"column":2},"end":{"line":37,"column":26}},"24":{"start":{"line":40,"column":0},"end":{"line":40,"column":35}}},"fnMap":{"0":{"name":"(anonymous_0)","decl":{"start":{"line":7,"column":19},"end":{"line":7,"column":20}},"loc":{"start":{"line":7,"column":31},"end":{"line":7,"column":561}},"line":7},"1":{"name":"defineProperties","decl":{"start":{"line":7,"column":42},"end":{"line":7,"column":58}},"loc":{"start":{"line":7,"column":74},"end":{"line":7,"column":349}},"line":7},"2":{"name":"(anonymous_2)","decl":{"start":{"line":7,"column":357},"end":{"line":7,"column":358}},"loc":{"start":{"line":7,"column":405},"end":{"line":7,"column":558}},"line":7},"3":{"name":"_classCallCheck","decl":{"start":{"line":9,"column":9},"end":{"line":9,"column":24}},"loc":{"start":{"line":9,"column":48},"end":{"line":9,"column":153}},"line":9},"4":{"name":"(anonymous_4)","decl":{"start":{"line":11,"column":23},"end":{"line":11,"column":24}},"loc":{"start":{"line":11,"column":35},"end":{"line":38,"column":1}},"line":11},"5":{"name":"SourcesContainer","decl":{"start":{"line":12,"column":11},"end":{"line":12,"column":27}},"loc":{"start":{"line":12,"column":30},"end":{"line":16,"column":3}},"line":12},"6":{"name":"add","decl":{"start":{"line":20,"column":20},"end":{"line":20,"column":23}},"loc":{"start":{"line":20,"column":75},"end":{"line":29,"column":5}},"line":20},"7":{"name":"get","decl":{"start":{"line":32,"column":20},"end":{"line":32,"column":23}},"loc":{"start":{"line":32,"column":26},"end":{"line":34,"column":5}},"line":32}},"branchMap":{"0":{"loc":{"start":{"line":7,"column":168},"end":{"line":7,"column":198}},"type":"binary-expr","locations":[{"start":{"line":7,"column":168},"end":{"line":7,"column":189}},{"start":{"line":7,"column":193},"end":{"line":7,"column":198}}],"line":7},"1":{"loc":{"start":{"line":7,"column":232},"end":{"line":7,"column":286}},"type":"if","locations":[{"start":{"line":7,"column":232},"end":{"line":7,"column":286}},{"start":{"line":7,"column":232},"end":{"line":7,"column":286}}],"line":7},"2":{"loc":{"start":{"line":7,"column":407},"end":{"line":7,"column":475}},"type":"if","locations":[{"start":{"line":7,"column":407},"end":{"line":7,"column":475}},{"start":{"line":7,"column":407},"end":{"line":7,"column":475}}],"line":7},"3":{"loc":{"start":{"line":7,"column":476},"end":{"line":7,"column":536}},"type":"if","locations":[{"start":{"line":7,"column":476},"end":{"line":7,"column":536}},{"start":{"line":7,"column":476},"end":{"line":7,"column":536}}],"line":7},"4":{"loc":{"start":{"line":9,"column":50},"end":{"line":9,"column":151}},"type":"if","locations":[{"start":{"line":9,"column":50},"end":{"line":9,"column":151}},{"start":{"line":9,"column":50},"end":{"line":9,"column":151}}],"line":9}},"s":{"0":1,"1":1,"2":1,"3":2,"4":2,"5":2,"6":2,"7":2,"8":2,"9":1,"10":1,"11":1,"12":1,"13":0,"14":1,"15":0,"16":0,"17":1,"18":0,"19":0,"20":1,"21":0,"22":0,"23":1,"24":1},"f":{"0":1,"1":1,"2":1,"3":0,"4":1,"5":0,"6":0,"7":0},"b":{"0":[2,2],"1":[2,0],"2":[1,0],"3":[0,1],"4":[0,0]},"_coverageSchema":"332fd63041d2c1bcb487cc26dd0d5f7d97098a6c","hash":"f8621b62d9a992a299a275abe397ef8e07694853","contentHash":"94c69d22f4d96cdefba2f7f994b39c45_10.3.0"},"/Users/andeladeveloper/Documents/checkpoint/src/configs/NewsContainer.js":{"path":"/Users/andeladeveloper/Documents/checkpoint/src/configs/NewsContainer.js","statementMap":{"0":{"start":{"line":3,"column":0},"end":{"line":5,"column":3}},"1":{"start":{"line":7,"column":19},"end":{"line":7,"column":563}},"2":{"start":{"line":7,"column":76},"end":{"line":7,"column":347}},"3":{"start":{"line":7,"column":134},"end":{"line":7,"column":142}},"4":{"start":{"line":7,"column":144},"end":{"line":7,"column":199}},"5":{"start":{"line":7,"column":200},"end":{"line":7,"column":231}},"6":{"start":{"line":7,"column":232},"end":{"line":7,"column":286}},"7":{"start":{"line":7,"column":259},"end":{"line":7,"column":286}},"8":{"start":{"line":7,"column":287},"end":{"line":7,"column":345}},"9":{"start":{"line":7,"column":350},"end":{"line":7,"column":559}},"10":{"start":{"line":7,"column":407},"end":{"line":7,"column":475}},"11":{"start":{"line":7,"column":423},"end":{"line":7,"column":475}},"12":{"start":{"line":7,"column":476},"end":{"line":7,"column":536}},"13":{"start":{"line":7,"column":493},"end":{"line":7,"column":536}},"14":{"start":{"line":7,"column":537},"end":{"line":7,"column":556}},"15":{"start":{"line":9,"column":50},"end":{"line":9,"column":151}},"16":{"start":{"line":9,"column":92},"end":{"line":9,"column":149}},"17":{"start":{"line":11,"column":20},"end":{"line":37,"column":3}},"18":{"start":{"line":13,"column":4},"end":{"line":13,"column":41}},"19":{"start":{"line":15,"column":4},"end":{"line":15,"column":19}},"20":{"start":{"line":18,"column":2},"end":{"line":34,"column":6}},"21":{"start":{"line":21,"column":6},"end":{"line":27,"column":9}},"22":{"start":{"line":32,"column":6},"end":{"line":32,"column":23}},"23":{"start":{"line":36,"column":2},"end":{"line":36,"column":23}},"24":{"start":{"line":39,"column":0},"end":{"line":39,"column":32}}},"fnMap":{"0":{"name":"(anonymous_0)","decl":{"start":{"line":7,"column":19},"end":{"line":7,"column":20}},"loc":{"start":{"line":7,"column":31},"end":{"line":7,"column":561}},"line":7},"1":{"name":"defineProperties","decl":{"start":{"line":7,"column":42},"end":{"line":7,"column":58}},"loc":{"start":{"line":7,"column":74},"end":{"line":7,"column":349}},"line":7},"2":{"name":"(anonymous_2)","decl":{"start":{"line":7,"column":357},"end":{"line":7,"column":358}},"loc":{"start":{"line":7,"column":405},"end":{"line":7,"column":558}},"line":7},"3":{"name":"_classCallCheck","decl":{"start":{"line":9,"column":9},"end":{"line":9,"column":24}},"loc":{"start":{"line":9,"column":48},"end":{"line":9,"column":153}},"line":9},"4":{"name":"(anonymous_4)","decl":{"start":{"line":11,"column":20},"end":{"line":11,"column":21}},"loc":{"start":{"line":11,"column":32},"end":{"line":37,"column":1}},"line":11},"5":{"name":"newsContainer","decl":{"start":{"line":12,"column":11},"end":{"line":12,"column":24}},"loc":{"start":{"line":12,"column":27},"end":{"line":16,"column":3}},"line":12},"6":{"name":"add","decl":{"start":{"line":20,"column":20},"end":{"line":20,"column":23}},"loc":{"start":{"line":20,"column":63},"end":{"line":28,"column":5}},"line":20},"7":{"name":"get","decl":{"start":{"line":31,"column":20},"end":{"line":31,"column":23}},"loc":{"start":{"line":31,"column":26},"end":{"line":33,"column":5}},"line":31}},"branchMap":{"0":{"loc":{"start":{"line":7,"column":168},"end":{"line":7,"column":198}},"type":"binary-expr","locations":[{"start":{"line":7,"column":168},"end":{"line":7,"column":189}},{"start":{"line":7,"column":193},"end":{"line":7,"column":198}}],"line":7},"1":{"loc":{"start":{"line":7,"column":232},"end":{"line":7,"column":286}},"type":"if","locations":[{"start":{"line":7,"column":232},"end":{"line":7,"column":286}},{"start":{"line":7,"column":232},"end":{"line":7,"column":286}}],"line":7},"2":{"loc":{"start":{"line":7,"column":407},"end":{"line":7,"column":475}},"type":"if","locations":[{"start":{"line":7,"column":407},"end":{"line":7,"column":475}},{"start":{"line":7,"column":407},"end":{"line":7,"column":475}}],"line":7},"3":{"loc":{"start":{"line":7,"column":476},"end":{"line":7,"column":536}},"type":"if","locations":[{"start":{"line":7,"column":476},"end":{"line":7,"column":536}},{"start":{"line":7,"column":476},"end":{"line":7,"column":536}}],"line":7},"4":{"loc":{"start":{"line":9,"column":50},"end":{"line":9,"column":151}},"type":"if","locations":[{"start":{"line":9,"column":50},"end":{"line":9,"column":151}},{"start":{"line":9,"column":50},"end":{"line":9,"column":151}}],"line":9}},"s":{"0":1,"1":1,"2":1,"3":2,"4":2,"5":2,"6":2,"7":2,"8":2,"9":1,"10":1,"11":1,"12":1,"13":0,"14":1,"15":0,"16":0,"17":1,"18":0,"19":0,"20":1,"21":0,"22":0,"23":1,"24":1},"f":{"0":1,"1":1,"2":1,"3":0,"4":1,"5":0,"6":0,"7":0},"b":{"0":[2,2],"1":[2,0],"2":[1,0],"3":[0,1],"4":[0,0]},"_coverageSchema":"332fd63041d2c1bcb487cc26dd0d5f7d97098a6c","hash":"14ec99d7fdb7ea2679af4b01ceca842f1d19d2b1","contentHash":"7c308f4f59b00478a273db866f626dfc_10.3.0"},"/Users/andeladeveloper/Documents/checkpoint/src/utils/Api.js":{"path":"/Users/andeladeveloper/Documents/checkpoint/src/utils/Api.js","statementMap":{"0":{"start":{"line":3,"column":0},"end":{"line":5,"column":3}},"1":{"start":{"line":7,"column":19},"end":{"line":7,"column":563}},"2":{"start":{"line":7,"column":76},"end":{"line":7,"column":347}},"3":{"start":{"line":7,"column":134},"end":{"line":7,"column":142}},"4":{"start":{"line":7,"column":144},"end":{"line":7,"column":199}},"5":{"start":{"line":7,"column":200},"end":{"line":7,"column":231}},"6":{"start":{"line":7,"column":232},"end":{"line":7,"column":286}},"7":{"start":{"line":7,"column":259},"end":{"line":7,"column":286}},"8":{"start":{"line":7,"column":287},"end":{"line":7,"column":345}},"9":{"start":{"line":7,"column":350},"end":{"line":7,"column":559}},"10":{"start":{"line":7,"column":407},"end":{"line":7,"column":475}},"11":{"start":{"line":7,"column":423},"end":{"line":7,"column":475}},"12":{"start":{"line":7,"column":476},"end":{"line":7,"column":536}},"13":{"start":{"line":7,"column":493},"end":{"line":7,"column":536}},"14":{"start":{"line":7,"column":537},"end":{"line":7,"column":556}},"15":{"start":{"line":9,"column":13},"end":{"line":9,"column":29}},"16":{"start":{"line":11,"column":14},"end":{"line":11,"column":44}},"17":{"start":{"line":13,"column":39},"end":{"line":13,"column":93}},"18":{"start":{"line":15,"column":50},"end":{"line":15,"column":151}},"19":{"start":{"line":15,"column":92},"end":{"line":15,"column":149}},"20":{"start":{"line":17,"column":10},"end":{"line":62,"column":3}},"21":{"start":{"line":19,"column":4},"end":{"line":19,"column":31}},"22":{"start":{"line":21,"column":4},"end":{"line":21,"column":53}},"23":{"start":{"line":22,"column":4},"end":{"line":22,"column":57}},"24":{"start":{"line":23,"column":4},"end":{"line":23,"column":64}},"25":{"start":{"line":24,"column":4},"end":{"line":24,"column":32}},"26":{"start":{"line":25,"column":4},"end":{"line":25,"column":23}},"27":{"start":{"line":26,"column":4},"end":{"line":26,"column":21}},"28":{"start":{"line":27,"column":4},"end":{"line":27,"column":26}},"29":{"start":{"line":28,"column":4},"end":{"line":28,"column":27}},"30":{"start":{"line":31,"column":2},"end":{"line":59,"column":6}},"31":{"start":{"line":34,"column":6},"end":{"line":34,"column":71}},"32":{"start":{"line":39,"column":6},"end":{"line":39,"column":34}},"33":{"start":{"line":44,"column":6},"end":{"line":44,"column":23}},"34":{"start":{"line":49,"column":18},"end":{"line":49,"column":22}},"35":{"start":{"line":51,"column":6},"end":{"line":57,"column":9}},"36":{"start":{"line":52,"column":8},"end":{"line":54,"column":9}},"37":{"start":{"line":53,"column":10},"end":{"line":53,"column":39}},"38":{"start":{"line":56,"column":8},"end":{"line":56,"column":35}},"39":{"start":{"line":61,"column":2},"end":{"line":61,"column":13}},"40":{"start":{"line":64,"column":0},"end":{"line":64,"column":28}}},"fnMap":{"0":{"name":"(anonymous_0)","decl":{"start":{"line":7,"column":19},"end":{"line":7,"column":20}},"loc":{"start":{"line":7,"column":31},"end":{"line":7,"column":561}},"line":7},"1":{"name":"defineProperties","decl":{"start":{"line":7,"column":42},"end":{"line":7,"column":58}},"loc":{"start":{"line":7,"column":74},"end":{"line":7,"column":349}},"line":7},"2":{"name":"(anonymous_2)","decl":{"start":{"line":7,"column":357},"end":{"line":7,"column":358}},"loc":{"start":{"line":7,"column":405},"end":{"line":7,"column":558}},"line":7},"3":{"name":"_interopRequireDefault","decl":{"start":{"line":13,"column":9},"end":{"line":13,"column":31}},"loc":{"start":{"line":13,"column":37},"end":{"line":13,"column":95}},"line":13},"4":{"name":"_classCallCheck","decl":{"start":{"line":15,"column":9},"end":{"line":15,"column":24}},"loc":{"start":{"line":15,"column":48},"end":{"line":15,"column":153}},"line":15},"5":{"name":"(anonymous_5)","decl":{"start":{"line":17,"column":10},"end":{"line":17,"column":11}},"loc":{"start":{"line":17,"column":22},"end":{"line":62,"column":1}},"line":17},"6":{"name":"Api","decl":{"start":{"line":18,"column":11},"end":{"line":18,"column":14}},"loc":{"start":{"line":18,"column":17},"end":{"line":29,"column":3}},"line":18},"7":{"name":"addQuery","decl":{"start":{"line":33,"column":20},"end":{"line":33,"column":28}},"loc":{"start":{"line":33,"column":42},"end":{"line":35,"column":5}},"line":33},"8":{"name":"resetQuery","decl":{"start":{"line":38,"column":20},"end":{"line":38,"column":30}},"loc":{"start":{"line":38,"column":33},"end":{"line":40,"column":5}},"line":38},"9":{"name":"getLink","decl":{"start":{"line":43,"column":20},"end":{"line":43,"column":27}},"loc":{"start":{"line":43,"column":30},"end":{"line":45,"column":5}},"line":43},"10":{"name":"makeApiCall","decl":{"start":{"line":48,"column":20},"end":{"line":48,"column":31}},"loc":{"start":{"line":48,"column":34},"end":{"line":58,"column":5}},"line":48},"11":{"name":"(anonymous_11)","decl":{"start":{"line":51,"column":47},"end":{"line":51,"column":48}},"loc":{"start":{"line":51,"column":67},"end":{"line":55,"column":7}},"line":51},"12":{"name":"(anonymous_12)","decl":{"start":{"line":55,"column":15},"end":{"line":55,"column":16}},"loc":{"start":{"line":55,"column":32},"end":{"line":57,"column":7}},"line":55}},"branchMap":{"0":{"loc":{"start":{"line":7,"column":168},"end":{"line":7,"column":198}},"type":"binary-expr","locations":[{"start":{"line":7,"column":168},"end":{"line":7,"column":189}},{"start":{"line":7,"column":193},"end":{"line":7,"column":198}}],"line":7},"1":{"loc":{"start":{"line":7,"column":232},"end":{"line":7,"column":286}},"type":"if","locations":[{"start":{"line":7,"column":232},"end":{"line":7,"column":286}},{"start":{"line":7,"column":232},"end":{"line":7,"column":286}}],"line":7},"2":{"loc":{"start":{"line":7,"column":407},"end":{"line":7,"column":475}},"type":"if","locations":[{"start":{"line":7,"column":407},"end":{"line":7,"column":475}},{"start":{"line":7,"column":407},"end":{"line":7,"column":475}}],"line":7},"3":{"loc":{"start":{"line":7,"column":476},"end":{"line":7,"column":536}},"type":"if","locations":[{"start":{"line":7,"column":476},"end":{"line":7,"column":536}},{"start":{"line":7,"column":476},"end":{"line":7,"column":536}}],"line":7},"4":{"loc":{"start":{"line":13,"column":46},"end":{"line":13,"column":92}},"type":"cond-expr","locations":[{"start":{"line":13,"column":70},"end":{"line":13,"column":73}},{"start":{"line":13,"column":76},"end":{"line":13,"column":92}}],"line":13},"5":{"loc":{"start":{"line":13,"column":46},"end":{"line":13,"column":67}},"type":"binary-expr","locations":[{"start":{"line":13,"column":46},"end":{"line":13,"column":49}},{"start":{"line":13,"column":53},"end":{"line":13,"column":67}}],"line":13},"6":{"loc":{"start":{"line":15,"column":50},"end":{"line":15,"column":151}},"type":"if","locations":[{"start":{"line":15,"column":50},"end":{"line":15,"column":151}},{"start":{"line":15,"column":50},"end":{"line":15,"column":151}}],"line":15},"7":{"loc":{"start":{"line":52,"column":8},"end":{"line":54,"column":9}},"type":"if","locations":[{"start":{"line":52,"column":8},"end":{"line":54,"column":9}},{"start":{"line":52,"column":8},"end":{"line":54,"column":9}}],"line":52}},"s":{"0":1,"1":1,"2":1,"3":4,"4":4,"5":4,"6":4,"7":4,"8":4,"9":1,"10":1,"11":1,"12":1,"13":0,"14":1,"15":1,"16":1,"17":1,"18":1,"19":0,"20":1,"21":1,"22":1,"23":1,"24":1,"25":1,"26":1,"27":1,"28":1,"29":1,"30":1,"31":0,"32":0,"33":0,"34":0,"35":0,"36":0,"37":0,"38":0,"39":1,"40":1},"f":{"0":1,"1":1,"2":1,"3":1,"4":1,"5":1,"6":1,"7":0,"8":0,"9":0,"10":0,"11":0,"12":0},"b":{"0":[4,4],"1":[4,0],"2":[1,0],"3":[0,1],"4":[0,1],"5":[1,1],"6":[0,1],"7":[0,0]},"_coverageSchema":"332fd63041d2c1bcb487cc26dd0d5f7d97098a6c","hash":"3ef5b643c57a0ff11f3bff6d73288da0b574ce51","contentHash":"319f26ae1cbbbfc00c8010a337be15ea_10.3.0"},"/Users/andeladeveloper/Documents/checkpoint/src/views/newsview.js":{"path":"/Users/andeladeveloper/Documents/checkpoint/src/views/newsview.js","statementMap":{"0":{"start":{"line":3,"column":0},"end":{"line":5,"column":3}},"1":{"start":{"line":7,"column":19},"end":{"line":7,"column":563}},"2":{"start":{"line":7,"column":76},"end":{"line":7,"column":347}},"3":{"start":{"line":7,"column":134},"end":{"line":7,"column":142}},"4":{"start":{"line":7,"column":144},"end":{"line":7,"column":199}},"5":{"start":{"line":7,"column":200},"end":{"line":7,"column":231}},"6":{"start":{"line":7,"column":232},"end":{"line":7,"column":286}},"7":{"start":{"line":7,"column":259},"end":{"line":7,"column":286}},"8":{"start":{"line":7,"column":287},"end":{"line":7,"column":345}},"9":{"start":{"line":7,"column":350},"end":{"line":7,"column":559}},"10":{"start":{"line":7,"column":407},"end":{"line":7,"column":475}},"11":{"start":{"line":7,"column":423},"end":{"line":7,"column":475}},"12":{"start":{"line":7,"column":476},"end":{"line":7,"column":536}},"13":{"start":{"line":7,"column":493},"end":{"line":7,"column":536}},"14":{"start":{"line":7,"column":537},"end":{"line":7,"column":556}},"15":{"start":{"line":9,"column":28},"end":{"line":9,"column":67}},"16":{"start":{"line":11,"column":29},"end":{"line":11,"column":74}},"17":{"start":{"line":13,"column":13},"end":{"line":13,"column":29}},"18":{"start":{"line":15,"column":14},"end":{"line":15,"column":44}},"19":{"start":{"line":17,"column":18},"end":{"line":17,"column":39}},"20":{"start":{"line":19,"column":17},"end":{"line":19,"column":47}},"21":{"start":{"line":21,"column":18},"end":{"line":21,"column":52}},"22":{"start":{"line":23,"column":19},"end":{"line":23,"column":52}},"23":{"start":{"line":25,"column":20},"end":{"line":25,"column":56}},"24":{"start":{"line":27,"column":13},"end":{"line":27,"column":31}},"25":{"start":{"line":29,"column":14},"end":{"line":29,"column":44}},"26":{"start":{"line":31,"column":12},"end":{"line":31,"column":36}},"27":{"start":{"line":33,"column":13},"end":{"line":33,"column":42}},"28":{"start":{"line":35,"column":39},"end":{"line":35,"column":93}},"29":{"start":{"line":37,"column":50},"end":{"line":37,"column":151}},"30":{"start":{"line":37,"column":92},"end":{"line":37,"column":149}},"31":{"start":{"line":39,"column":50},"end":{"line":39,"column":151}},"32":{"start":{"line":39,"column":63},"end":{"line":39,"column":149}},"33":{"start":{"line":39,"column":152},"end":{"line":39,"column":238}},"34
[...]
"start":{"line":21,"column":39},"end":{"line":21,"column":93}},"22":{"start":{"line":23,"column":50},"end":{"line":23,"column":151}},"23":{"start":{"line":23,"column":92},"end":{"line":23,"column":149}},"24":{"start":{"line":25,"column":50},"end":{"line":25,"column":151}},"25":{"start":{"line":25,"column":63},"end":{"line":25,"column":149}},"26":{"start":{"line":25,"column":152},"end":{"line":25,"column":238}},"27":{"start":{"line":27,"column":43},"end":{"line":27,"column":208}},"28":{"start":{"line":27,"column":106},"end":{"line":27,"column":206}},"29":{"start":{"line":27,"column":209},"end":{"line":27,"column":373}},"30":{"start":{"line":27,"column":374},"end":{"line":27,"column":492}},"31":{"start":{"line":27,"column":390},"end":{"line":27,"column":492}},"32":{"start":{"line":30,"column":14},"end":{"line":32,"column":2}},"33":{"start":{"line":33,"column":16},"end":{"line":33,"column":21}},"34":{"start":{"line":34,"column":13},"end":{"line":34,"column":17}},"35":{"start":{"line":36,"column":19},"end":{"line":93,"column":19}},"36":{"start":{"line":37,"column":2},"end":{"line":37,"column":38}},"37":{"start":{"line":40,"column":4},"end":{"line":40,"column":40}},"38":{"start":{"line":42,"column":16},"end":{"line":42,"column":124}},"39":{"start":{"line":44,"column":4},"end":{"line":44,"column":19}},"40":{"start":{"line":45,"column":4},"end":{"line":45,"column":48}},"41":{"start":{"line":46,"column":4},"end":{"line":46,"column":17}},"42":{"start":{"line":49,"column":2},"end":{"line":90,"column":6}},"43":{"start":{"line":52,"column":6},"end":{"line":52,"column":77}},"44":{"start":{"line":57,"column":15},"end":{"line":57,"column":43}},"45":{"start":{"line":58,"column":6},"end":{"line":61,"column":7}},"46":{"start":{"line":59,"column":8},"end":{"line":59,"column":33}},"47":{"start":{"line":60,"column":8},"end":{"line":60,"column":26}},"48":{"start":{"line":66,"column":6},"end":{"line":66,"column":23}},"49":{"start":{"line":71,"column":6},"end":{"line":79,"column":9}},"50":{"start":{"line":84,"column":6},"end":{"line":88,"column":8}},"51":{"start":{"line":92,"column":2},"end":{"line":92,"column":22}},"52":{"start":{"line":95,"column":0},"end":{"line":95,"column":31}}},"fnMap":{"0":{"name":"(anonymous_0)","decl":{"start":{"line":7,"column":19},"end":{"line":7,"column":20}},"loc":{"start":{"line":7,"column":31},"end":{"line":7,"column":561}},"line":7},"1":{"name":"defineProperties","decl":{"start":{"line":7,"column":42},"end":{"line":7,"column":58}},"loc":{"start":{"line":7,"column":74},"end":{"line":7,"column":349}},"line":7},"2":{"name":"(anonymous_2)","decl":{"start":{"line":7,"column":357},"end":{"line":7,"column":358}},"loc":{"start":{"line":7,"column":405},"end":{"line":7,"column":558}},"line":7},"3":{"name":"_interopRequireDefault","decl":{"start":{"line":21,"column":9},"end":{"line":21,"column":31}},"loc":{"start":{"line":21,"column":37},"end":{"line":21,"column":95}},"line":21},"4":{"name":"_classCallCheck","decl":{"start":{"line":23,"column":9},"end":{"line":23,"column":24}},"loc":{"start":{"line":23,"column":48},"end":{"line":23,"column":153}},"line":23},"5":{"name":"_possibleConstructorReturn","decl":{"start":{"line":25,"column":9},"end":{"line":25,"column":35}},"loc":{"start":{"line":25,"column":48},"end":{"line":25,"column":240}},"line":25},"6":{"name":"_inherits","decl":{"start":{"line":27,"column":9},"end":{"line":27,"column":18}},"loc":{"start":{"line":27,"column":41},"end":{"line":27,"column":494}},"line":27},"7":{"name":"(anonymous_7)","decl":{"start":{"line":36,"column":19},"end":{"line":36,"column":20}},"loc":{"start":{"line":36,"column":41},"end":{"line":93,"column":1}},"line":36},"8":{"name":"GoogleButton","decl":{"start":{"line":39,"column":11},"end":{"line":39,"column":23}},"loc":{"start":{"line":39,"column":26},"end":{"line":47,"column":3}},"line":39},"9":{"name":"componentDidMount","decl":{"start":{"line":51,"column":20},"end":{"line":51,"column":37}},"loc":{"start":{"line":51,"column":40},"end":{"line":53,"column":5}},"line":51},"10":{"name":"onSignIn","decl":{"start":{"line":56,"column":20},"end":{"line":56,"column":28}},"loc":{"start":{"line":56,"column":41},"end":{"line":62,"column":5}},"line":56},"11":{"name":"onClick","decl":{"start":{"line":65,"column":20},"end":{"line":65,"column":27}},"loc":{"start":{"line":65,"column":30},"end":{"line":67,"column":5}},"line":65},"12":{"name":"renderGoogleLoginButton","decl":{"start":{"line":70,"column":20},"end":{"line":70,"column":43}},"loc":{"start":{"line":70,"column":46},"end":{"line":80,"column":5}},"line":70},"13":{"name":"render","decl":{"start":{"line":83,"column":20},"end":{"line":83,"column":26}},"loc":{"start":{"line":83,"column":29},"end":{"line":89,"column":5}},"line":83}},"branchMap":{"0":{"loc":{"start":{"line":7,"column":168},"end":{"line":7,"column":198}},"type":"binary-expr","locations":[{"start":{"line":7,"column":168},"end":{"line":7,"column":189}},{"start":{"line":7,"column":193},"end":{"line":7,"column":198}}],"line":7},"1":{"loc":{"start":{"line":7,"column":232},"end":{"line":7,"column":286}},"type":"if","locations":[{"start":{"line":7,"column":232},"end":{"line":7,"column":286}},{"start":{"line":7,"column":232},"end":{"line":7,"column":286}}],"line":7},"2":{"loc":{"start":{"line":7,"column":407},"end":{"line":7,"column":475}},"type":"if","locations":[{"start":{"line":7,"column":407},"end":{"line":7,"column":475}},{"start":{"line":7,"column":407},"end":{"line":7,"column":475}}],"line":7},"3":{"loc":{"start":{"line":7,"column":476},"end":{"line":7,"column":536}},"type":"if","locations":[{"start":{"line":7,"column":476},"end":{"line":7,"column":536}},{"start":{"line":7,"column":476},"end":{"line":7,"column":536}}],"line":7},"4":{"loc":{"start":{"line":21,"column":46},"end":{"line":21,"column":92}},"type":"cond-expr","locations":[{"start":{"line":21,"column":70},"end":{"line":21,"column":73}},{"start":{"line":21,"column":76},"end":{"line":21,"column":92}}],"line":21},"5":{"loc":{"start":{"line":21,"column":46},"end":{"line":21,"column":67}},"type":"binary-expr","locations":[{"start":{"line":21,"column":46},"end":{"line":21,"column":49}},{"start":{"line":21,"column":53},"end":{"line":21,"column":67}}],"line":21},"6":{"loc":{"start":{"line":23,"column":50},"end":{"line":23,"column":151}},"type":"if","locations":[{"start":{"line":23,"column":50},"end":{"line":23,"column":151}},{"start":{"line":23,"column":50},"end":{"line":23,"column":151}}],"line":23},"7":{"loc":{"start":{"line":25,"column":50},"end":{"line":25,"column":151}},"type":"if","locations":[{"start":{"line":25,"column":50},"end":{"line":25,"column":151}},{"start":{"line":25,"column":50},"end":{"line":25,"column":151}}],"line":25},"8":{"loc":{"start":{"line":25,"column":159},"end":{"line":25,"column":237}},"type":"cond-expr","locations":[{"start":{"line":25,"column":226},"end":{"line":25,"column":230}},{"start":{"line":25,"column":233},"end":{"line":25,"column":237}}],"line":25},"9":{"loc":{"start":{"line":25,"column":159},"end":{"line":25,"column":223}},"type":"binary-expr","locations":[{"start":{"line":25,"column":159},"end":{"line":25,"column":163}},{"start":{"line":25,"column":168},"end":{"line":25,"column":192}},{"start":{"line":25,"column":196},"end":{"line":25,"column":222}}],"line":25},"10":{"loc":{"start":{"line":27,"column":43},"end":{"line":27,"column":208}},"type":"if","locations":[{"start":{"line":27,"column":43},"end":{"line":27,"column":208}},{"start":{"line":27,"column":43},"end":{"line":27,"column":208}}],"line":27},"11":{"loc":{"start":{"line":27,"column":47},"end":{"line":27,"column":102}},"type":"binary-expr","locations":[{"start":{"line":27,"column":47},"end":{"line":27,"column":79}},{"start":{"line":27,"column":83},"end":{"line":27,"column":102}}],"line":27},"12":{"loc":{"start":{"line":27,"column":244},"end":{"line":27,"column":278}},"type":"binary-expr","locations":[{"start":{"line":27,"column":244},"end":{"line":27,"column":254}},{"start":{"line":27,"column":258},"end":{"line":27,"column":278}}],"line":27},"13":{"loc":{"start":{"line":27,"column":374},"end":{"line":27,"column":492}},"type":"if","locations":[{"start":{"line":27,"column":374},"end":{"line":27,"column":492}},{"start":{"line":27,"column":374},"end":{"line":27,"column":492}}],"line":27},"14":{"loc":{"start":{"line":27,"column":390},"end":{"line":27,"column":491}},"type":"cond-expr","locations":[{"start":{"line":27,"column":414},"end":{"line":27,"column":457}},{"start":{"line":27,"column":460},"end":{"line":27,"column":491}}],"line":27},"15":{"loc":{"start":{"line":42,"column":50},"end":{"line":42,"column":111}},"type":"binary-expr","locations":[{"start":{"line":42,"column":50},"end":{"line":42,"column":72}},{"start":{"line":42,"column":76},"end":{"line":42,"column":111}}],"line":42},"16":{"loc":{"start":{"line":58,"column":6},"end":{"line":61,"column":7}},"type":"if","locations":[{"start":{"line":58,"column":6},"end":{"line":61,"column":7}},{"start":{"line":58,"column":6},"end":{"line":61,"column":7}}],"line":58}},"s":{"0":1,"1":1,"2":1,"3":5,"4":5,"5":5,"6":5,"7":5,"8":5,"9":1,"10":1,"11":1,"12":1,"13":0,"14":1,"15":1,"16":1,"17":1,"18":1,"19":1,"20":1,"21":3,"22":0,"23":0,"24":0,"25":0,"26":0,"27":1,"28":0,"29":1,"30":1,"31":1,"32":1,"33":1,"34":1,"35":1,"36":1,"37":0,"38":0,"39":0,"40":0,"41":0,"42":1,"43":0,"44":0,"45":0,"46":0,"47":0,"48":0,"49":0,"50":0,"51":1,"52":1},"f":{"0":1,"1":1,"2":1,"3":3,"4":0,"5":0,"6":1,"7":1,"8":0,"9":0,"10":0,"11":0,"12":0,"13":0},"b":{"0":[5,5],"1":[5,0],"2":[1,0],"3":[0,1],"4":[2,1],"5":[3,3],"6":[0,0],"7":[0,0],"8":[0,0],"9":[0,0,0],"10":[0,1],"11":[1,0],"12":[1,1],"13":[1,0],"14":[1,0],"15":[0,0],"16":[0,0]},"_coverageSchema":"332fd63041d2c1bcb487cc26dd0d5f7d97098a6c","hash":"8e9a596ffa7a781d082d1e2586716caf5687a9fe","contentHash":"7e9fd8a7d62a0a3dc8b000031e149fd9_10.3.0"},"/Users/andeladeveloper/Documents/checkpoint/src/views/notfound.js":{"path":"/Users/andeladeveloper/Documents/checkpoint/src/views/notfound.js","statementMap":{"0":{"start":{"line":3,"column":0},"end":{"line":5,"column":3}},"1":{"start":{"line":7,"column":19},"end":{"line":7,"column":563}},"2":{"start":{"line":7,"column":76},"end":{"line":7,"column":347}},"3":{"start":{"line":7,"column":134},"end":{"line":7,"column":142}},"4":{"start":{"line":7,"column":144},"end":{"line":7,"column":199}},"5":{"start":{"line":7,"column":200},"end":{"line":7,"column":231}},"6":{"start":{"line":7,"column":232},"end":{"line":7,"column":286}},"7":{"start":{"line":7,"column":259},"end":{"line":7,"column":286}},"8":{"start":{"line":7,"column":287},"end":{"line":7,"column":345}},"9":{"start":{"line":7,"column":350},"end":{"line":7,"column":559}},"10":{"start":{"line":7,"column":407},"end":{"line":7,"column":475}},"11":{"start":{"line":7,"column":423},"end":{"line":7,"column":475}},"12":{"start":{"line":7,"column":476},"end":{"line":7,"column":536}},"13":{"start":{"line":7,"column":493},"end":{"line":7,"column":536}},"14":{"start":{"line":7,"column":537},"end":{"line":7,"column":556}},"15":{"start":{"line":9,"column":28},"end":{"line":9,"column":67}},"16":{"start":{"line":11,"column":29},"end":{"line":11,"column":74}},"17":{"start":{"line":13,"column":13},"end":{"line":13,"column":29}},"18":{"start":{"line":15,"column":14},"end":{"line":15,"column":44}},"19":{"start":{"line":17,"column":0},"end":{"line":17,"column":27}},"20":{"start":{"line":19,"column":12},"end":{"line":19,"column":36}},"21":{"start":{"line":21,"column":13},"end":{"line":21,"column":42}},"22":{"start":{"line":23,"column":39},"end":{"line":23,"column":93}},"23":{"start":{"line":25,"column":50},"end":{"line":25,"column":151}},"24":{"start":{"line":25,"column":92},"end":{"line":25,"column":149}},"25":{"start":{"line":27,"column":50},"end":{"line":27,"column":151}},"26":{"start":{"line":27,"column":63},"end":{"line":27,"column":149}},"27":{"start":{"line":27,"column":152},"end":{"line":27,"column":238}},"28":{"start":{"line":29,"column":43},"end":{"line":29,"column":208}},"29":{"start":{"line":29,"column":106},"end":{"line":29,"column":206}},"30":{"start":{"line":29,"column":209},"end":{"line":29,"column":373}},"31":{"start":{"line":29,"column":374},"end":{"line":29,"column":492}},"32":{"start":{"line":29,"column":390},"end":{"line":29,"column":492}},"33":{"start":{"line":33,"column":14},"end":{"line":35,"column":2}},"34":{"start":{"line":37,"column":15},"end":{"line":78,"column":19}},"35":{"start":{"line":38,"column":2},"end":{"line":38,"column":34}},"36":{"start":{"line":41,"column":4},"end":{"line":41,"column":36}},"37":{"start":{"line":43,"column":4},"end":{"line":43,"column":124}},"38":{"start":{"line":46,"column":2},"end":{"line":75,"column":6}},"39":{"start":{"line":49,"column":6},"end":{"line":51,"column":7}},"40":{"start":{"line":50,"column":8},"end":{"line":50,"column":31}},"41":{"start":{"line":56,"column":6},"end":{"line":73,"column":8}},"42":{"start":{"line":77,"column":2},"end":{"line":77,"column":18}},"43":{"start":{"line":80,"column":0},"end":{"line":80,"column":27}}},"fnMap":{"0":{"name":"(anonymous_0)","decl":{"start":{"line":7,"column":19},"end":{"line":7,"column":20}},"loc":{"start":{"line":7,"column":31},"end":{"line":7,"column":561}},"line":7},"1":{"name":"defineProperties","decl":{"start":{"line":7,"column":42},"end":{"line":7,"column":58}},"loc":{"start":{"line":7,"column":74},"end":{"line":7,"column":349}},"line":7},"2":{"name":"(anonymous_2)","decl":{"start":{"line":7,"column":357},"end":{"line":7,"column":358}},"loc":{"start":{"line":7,"column":405},"end":{"line":7,"column":558}},"line":7},"3":{"name":"_interopRequireDefault","decl":{"start":{"line":23,"column":9},"end":{"line":23,"column":31}},"loc":{"start":{"line":23,"column":37},"end":{"line":23,"column":95}},"line":23},"4":{"name":"_classCallCheck","decl":{"start":{"line":25,"column":9},"end":{"line":25,"column":24}},"loc":{"start":{"line":25,"column":48},"end":{"line":25,"column":153}},"line":25},"5":{"name":"_possibleConstructorReturn","decl":{"start":{"line":27,"column":9},"end":{"line":27,"column":35}},"loc":{"start":{"line":27,"column":48},"end":{"line":27,"column":240}},"line":27},"6":{"name":"_inherits","decl":{"start":{"line":29,"column":9},"end":{"line":29,"column":18}},"loc":{"start":{"line":29,"column":41},"end":{"line":29,"column":494}},"line":29},"7":{"name":"(anonymous_7)","decl":{"start":{"line":37,"column":15},"end":{"line":37,"column":16}},"loc":{"start":{"line":37,"column":37},"end":{"line":78,"column":1}},"line":37},"8":{"name":"NotFound","decl":{"start":{"line":40,"column":11},"end":{"line":40,"column":19}},"loc":{"start":{"line":40,"column":22},"end":{"line":44,"column":3}},"line":40},"9":{"name":"componentWillMount","decl":{"start":{"line":48,"column":20},"end":{"line":48,"column":38}},"loc":{"start":{"line":48,"column":41},"end":{"line":52,"column":5}},"line":48},"10":{"name":"render","decl":{"start":{"line":55,"column":20},"end":{"line":55,"column":26}},"loc":{"start":{"line":55,"column":29},"end":{"line":74,"column":5}},"line":55}},"branchMap":{"0":{"loc":{"start":{"line":7,"column":168},"end":{"line":7,"column":198}},"type":"binary-expr","locations":[{"start":{"line":7,"column":168},"end":{"line":7,"column":189}},{"start":{"line":7,"column":193},"end":{"line":7,"column":198}}],"line":7},"1":{"loc":{"start":{"line":7,"column":232},"end":{"line":7,"column":286}},"type":"if","locations":[{"start":{"line":7,"column":232},"end":{"line":7,"column":286}},{"start":{"line":7,"column":232},"end":{"line":7,"column":286}}],"line":7},"2":{"loc":{"start":{"line":7,"column":407},"end":{"line":7,"column":475}},"type":"if","locations":[{"start":{"line":7,"column":407},"end":{"line":7,"column":475}},{"start":{"line":7,"column":407},"end":{"line":7,"column":475}}],"line":7},"3":{"loc":{"start":{"line":7,"column":476},"end":{"line":7,"column":536}},"type":"if","locations":[{"start":{"line":7,"column":476},"end":{"line":7,"column":536}},{"start":{"line":7,"column":476},"end":{"line":7,"column":536}}],"line":7},"4":{"loc":{"start":{"line":23,"column":46},"end":{"line":23,"column":92}},"type":"cond-expr","locations":[{"start":{"line":23,"column":70},"end":{"line":23,"column":73}},{"start":{"line":23,"column":76},"end":{"line":23,"column":92}}],"line":23},"5":{"loc":{"start":{"line":23,"column":46},"end":{"line":23,"column":67}},"type":"binary-expr","locations":[{"start":{"line":23,"column":46},"end":{"line":23,"column":49}},{"start":{"line":23,"column":53},"end":{"line":23,"column":67}}],"line":23},"6":{"loc":{"start":{"line":25,"column":50},"end":{"line":25,"column":151}},"type":"if","locations":[{"start":{"line":25,"column":50},"end":{"line":25,"column":151}},{"start":{"line":25,"column":50},"end":{"line":25,"column":151}}],"line":25},"7":{"loc":{"start":{"line":27,"column":50},"end":{"line":27,"column":151}},"type":"if","locations":[{"start":{"line":27,"column":50},"end":{"line":27,"column":151}},{"start":{"line":27,"column":50},"end":{"line":27,"column":151}}],"line":27},"8":{"loc":{"start":{"line":27,"column":159},"end":{"line":27,"column":237}},"type":"cond-expr","locations":[{"start":{"line":27,"column":226},"end":{"line":27,"column":230}},{"start":{"line":27,"column":233},"end":{"line":27,"column":237}}],"line":27},"9":{"loc":{"start":{"line":27,"column":159},"end":{"line":27,"column":223}},"type":"binary-expr","locations":[{"start":{"line":27,"column":159},"end":{"line":27,"column":163}},{"start":{"line":27,"column":168},"end":{"line":27,"column":192}},{"start":{"line":27,"column":196},"end":{"line":27,"column":222}}],"line":27},"10":{"loc":{"start":{"line":29,"column":43},"end":{"line":29,"column":208}},"type":"if","locations":[{"start":{"line":29,"column":43},"end":{"line":29,"column":208}},{"start":{"line":29,"column":43},"end":{"line":29,"column":208}}],"line":29},"11":{"loc":{"start":{"line":29,"column":47},"end":{"line":29,"column":102}},"type":"binary-expr","locations":[{"start":{"line":29,"column":47},"end":{"line":29,"column":79}},{"start":{"line":29,"column":83},"end":{"line":29,"column":102}}],"line":29},"12":{"loc":{"start":{"line":29,"column":244},"end":{"line":29,"column":278}},"type":"binary-expr","locations":[{"start":{"line":29,"column":244},"end":{"line":29,"column":254}},{"start":{"line":29,"column":258},"end":{"line":29,"column":278}}],"line":29},"13":{"loc":{"start":{"line":29,"column":374},"end":{"line":29,"column":492}},"type":"if","locations":[{"start":{"line":29,"column":374},"end":{"line":29,"column":492}},{"start":{"line":29,"column":374},"end":{"line":29,"column":492}}],"line":29},"14":{"loc":{"start":{"line":29,"column":390},"end":{"line":29,"column":491}},"type":"cond-expr","locations":[{"start":{"line":29,"column":414},"end":{"line":29,"column":457}},{"start":{"line":29,"column":460},"end":{"line":29,"column":491}}],"line":29},"15":{"loc":{"start":{"line":43,"column":45},"end":{"line":43,"column":98}},"type":"binary-expr","locations":[{"start":{"line":43,"column":45},"end":{"line":43,"column":63}},{"start":{"line":43,"column":67},"end":{"line":43,"column":98}}],"line":43},"16":{"loc":{"start":{"line":49,"column":6},"end":{"line":51,"column":7}},"type":"if","locations":[{"start":{"line":49,"column":6},"end":{"line":51,"column":7}},{"start":{"line":49,"column":6},"end":{"line":51,"column":7}}],"line":49}},"s":{"0":1,"1":1,"2":1,"3":2,"4":2,"5":2,"6":2,"7":2,"8":2,"9":1,"10":1,"11":1,"12":1,"13":0,"14":1,"15":1,"16":1,"17":1,"18":1,"19":1,"20":1,"21":1,"22":3,"23":1,"24":0,"25":1,"26":0,"27":1,"28":1,"29":0,"30":1,"31":1,"32":1,"33":1,"34":1,"35":1,"36":1,"37":1,"38":1,"39":1,"40":1,"41":1,"42":1,"43":1},"f":{"0":1,"1":1,"2":1,"3":3,"4":1,"5":1,"6":1,"7":1,"8":1,"9":1,"10":1},"b":{"0":[2,2],"1":[2,0],"2":[1,0],"3":[0,1],"4":[2,1],"5":[3,3],"6":[0,1],"7":[0,1],"8":[0,1],"9":[1,0,0],"10":[0,1],"11":[1,0],"12":[1,1],"13":[1,0],"14":[1,0],"15":[1,0],"16":[1,0]},"_coverageSchema":"332fd63041d2c1bcb487cc26dd0d5f7d97098a6c","hash":"d1472bda0fc482e52afcfa41092ee30c73deb188","contentHash":"16002dbfd19d4397c368f24cb1063c51_10.3.0"}}